Log file open, 11/01/18 04:10:32
LogWindows: Failed to load 'aqProf.dll' (GetLastError=126)
LogWindows: File 'aqProf.dll' does not exist
LogWindows: Failed to load 'VSPerf140.dll' (GetLastError=126)
LogWindows: File 'VSPerf140.dll' does not exist
LogWindows: Failed to load 'VtuneApi.dll' (GetLastError=126)
LogWindows: File 'VtuneApi.dll' does not exist
LogWindows: Failed to load 'VtuneApi32e.dll' (GetLastError=126)
LogWindows: File 'VtuneApi32e.dll' does not exist
LogInit: Display: Running engine for game: LizzysMod
LogPlatformFile: Not using cached read wrapper
LogTaskGraph: Started task graph with 5 named threads and 14 total threads with 3 sets of task threads.
LogStats: Stats thread started at 0.216047
LogD3D11RHI: Loaded GFSDK_Aftermath_Lib.x64.dll
LogICUInternationalization: Display: ICU TimeZone Detection - Raw Offset: -6:00, Platform Override: ''
LogPluginManager: Mounting plugin Paper2D
LogPluginManager: Mounting plugin AISupport
LogPluginManager: Mounting plugin LightPropagationVolume
LogPluginManager: Mounting plugin CLionSourceCodeAccess
LogPluginManager: Mounting plugin CodeLiteSourceCodeAccess
LogPluginManager: Mounting plugin GitSourceControl
LogPluginManager: Mounting plugin KDevelopSourceCodeAccess
LogPluginManager: Mounting plugin NullSourceCodeAccess
LogPluginManager: Mounting plugin PerforceSourceControl
LogPluginManager: Mounting plugin SubversionSourceControl
LogPluginManager: Mounting plugin UObjectPlugin
LogPluginManager: Mounting plugin VisualStudioCodeSourceCodeAccess
LogPluginManager: Mounting plugin VisualStudioSourceCodeAccess
LogPluginManager: Mounting plugin XCodeSourceCodeAccess
LogPluginManager: Mounting plugin AssetManagerEditor
LogPluginManager: Mounting plugin CryptoKeys
LogPluginManager: Mounting plugin DataValidation
LogPluginManager: Mounting plugin FacialAnimation
LogPluginManager: Mounting plugin GameplayTagsEditor
LogPluginManager: Mounting plugin MacGraphicsSwitching
LogPluginManager: Mounting plugin MeshEditor
LogPluginManager: Mounting plugin MobileLauncherProfileWizard
LogPluginManager: Mounting plugin PluginBrowser
LogPluginManager: Mounting plugin SpeedTreeImporter
LogPluginManager: Mounting plugin DatasmithContent
LogPluginManager: Mounting plugin AlembicImporter
LogPluginManager: Mounting plugin AppleImageUtils
LogPluginManager: Mounting plugin AppleVision
LogPluginManager: Mounting plugin BackChannel
LogPluginManager: Mounting plugin CharacterAI
LogPluginManager: Mounting plugin GeometryCache
LogPluginManager: Mounting plugin HTML5Networking
LogPluginManager: Mounting plugin ProxyLODPlugin
LogPluginManager: Mounting plugin MagicLeap
LogPluginManager: Mounting plugin MagicLeapEmulator
LogPluginManager: Mounting plugin MagicLeapMedia
LogPluginManager: Mounting plugin AndroidMedia
LogPluginManager: Mounting plugin AvfMedia
LogPluginManager: Mounting plugin ImgMedia
LogPluginManager: Mounting plugin LinearTimecode
LogPluginManager: Mounting plugin MediaCompositing
LogPluginManager: Mounting plugin MediaPlayerEditor
LogPluginManager: Mounting plugin WmfMedia
LogPluginManager: Mounting plugin TcpMessaging
LogPluginManager: Mounting plugin UdpMessaging
LogPluginManager: Mounting plugin ActorSequence
LogPluginManager: Mounting plugin LevelSequenceEditor
LogPluginManager: Mounting plugin MatineeToLevelSequence
LogPluginManager: Mounting plugin NetcodeUnitTest
LogPluginManager: Mounting plugin NUTUnrealEngine4
LogPluginManager: Mounting plugin OnlineSubsystemGooglePlay
LogPluginManager: Mounting plugin OnlineSubsystemIOS
LogPluginManager: Mounting plugin OnlineSubsystem
LogPluginManager: Mounting plugin OnlineSubsystemNull
LogPluginManager: Mounting plugin OnlineSubsystemUtils
LogPluginManager: Mounting plugin LauncherChunkInstaller
LogPluginManager: Mounting plugin AndroidDeviceProfileSelector
LogPluginManager: Mounting plugin AndroidMoviePlayer
LogPluginManager: Mounting plugin AndroidPermission
LogPluginManager: Mounting plugin AppleMoviePlayer
LogPluginManager: Mounting plugin ArchVisCharacter
LogPluginManager: Mounting plugin AudioCapture
LogPluginManager: Mounting plugin CableComponent
LogPluginManager: Mounting plugin CustomMeshComponent
LogPluginManager: Mounting plugin EditableMesh
LogPluginManager: Mounting plugin ExampleDeviceProfileSelector
LogPluginManager: Mounting plugin GoogleCloudMessaging
LogPluginManager: Mounting plugin ImmediatePhysics
LogPluginManager: Mounting plugin IOSDeviceProfileSelector
LogPluginManager: Mounting plugin LinuxDeviceProfileSelector
LogPluginManager: Mounting plugin LocationServicesBPLibrary
LogPluginManager: Mounting plugin MobilePatchingUtils
LogPluginManager: Mounting plugin OculusVR
LogPluginManager: Plugin shader directory ../../../Engine/Plugins/Runtime/Oculus/OculusVR/Shaders found
LogPluginManager: Mapping shader source directory ../../../Engine/Plugins/Runtime/Oculus/OculusVR/Shaders to virtual directory /Plugin/OculusVR
LogPluginManager: Mounting plugin PhysXVehicles
LogPluginManager: Mounting plugin ProceduralMeshComponent
LogPluginManager: Mounting plugin RuntimePhysXCooking
LogPluginManager: Mounting plugin SteamVR
LogPluginManager: Mounting plugin WindowsMoviePlayer
LogStreaming: Display: Took  0.481s to configure plugins.
LogInit: Using libcurl 7.55.1-DEV
LogInit:  - built for x86_64-pc-win32
LogInit:  - supports SSL with OpenSSL/1.0.2h
LogInit:  - supports HTTP deflate (compression) using libz 1.2.8
LogInit:  - other features:
LogInit:      CURL_VERSION_SSL
LogInit:      CURL_VERSION_LIBZ
LogInit:      CURL_VERSION_IPV6
LogInit:      CURL_VERSION_ASYNCHDNS
LogInit:      CURL_VERSION_LARGEFILE
LogInit:      CURL_VERSION_IDN
LogInit:  CurlRequestOptions (configurable via config and command line):
LogInit:  - bVerifyPeer = false  - Libcurl will NOT verify peer certificate
LogInit:  - bUseHttpProxy = false  - Libcurl will NOT use HTTP proxy
LogInit:  - bDontReuseConnections = false  - Libcurl will reuse connections
LogInit:  - CertBundlePath = nullptr  - Libcurl will use whatever was configured at build time.
LogInit:  - MaxHostConnections = 16  - Libcurl will limit the number of connections to a host
LogInit:  - LocalHostAddr = Default
LogInit:  - BufferSize = 65536
LogInit: WinSock: version 1.1 (2.2), MaxSocks=32767, MaxUdp=65467
LogHMD: Failed initializing OVRPlugin 1.25.0
LogInit: Build: ++UE4+Release-4.20-CL-4369336
LogInit: Engine Version: 4.20.3-4369336+++UE4+Release-4.20
LogInit: Compatible Engine Version: 4.20.0-4212847+++UE4+Release-4.20
LogInit: Net CL: 4212847
LogInit: OS: Windows 10 (), CPU: Intel(R) Core(TM) i5-4460  CPU @ 3.20GHz, GPU: NVIDIA GeForce GTX 970
LogInit: Compiled (64-bit): Sep 17 2018 12:26:19
LogInit: Compiled with Visual C++: 19.13.26129.00
LogInit: Build Configuration: Development
LogInit: Branch Name: ++UE4+Release-4.20
LogInit: Command Line: -EpicPortal 
LogInit: Base Directory: D:/UE_4.20/Engine/Binaries/Win64/
LogInit: Installed Engine Build: 1
LogDevObjectVersion: Number of dev versions registered: 20
LogDevObjectVersion:   Dev-Blueprints (B0D832E4-1F89-4F0D-ACCF-7EB736FD4AA2): 10
LogDevObjectVersion:   Dev-Build (E1C64328-A22C-4D53-A36C-8E866417BD8C): 0
LogDevObjectVersion:   Dev-Core (375EC13C-06E4-48FB-B500-84F0262A717E): 2
LogDevObjectVersion:   Dev-Editor (E4B068ED-F494-42E9-A231-DA0B2E46BB41): 24
LogDevObjectVersion:   Dev-Framework (CFFC743F-43B0-4480-9391-14DF171D2073): 34
LogDevObjectVersion:   Dev-Mobile (B02B49B5-BB20-44E9-A304-32B752E40360): 2
LogDevObjectVersion:   Dev-Networking (A4E4105C-59A1-49B5-A7C5-40C4547EDFEE): 0
LogDevObjectVersion:   Dev-Online (39C831C9-5AE6-47DC-9A44-9C173E1C8E7C): 0
LogDevObjectVersion:   Dev-Physics (78F01B33-EBEA-4F98-B9B4-84EACCB95AA2): 0
LogDevObjectVersion:   Dev-Platform (6631380F-2D4D-43E0-8009-CF276956A95A): 0
LogDevObjectVersion:   Dev-Rendering (12F88B9F-8875-4AFC-A67C-D90C383ABD29): 26
LogDevObjectVersion:   Dev-Sequencer (7B5AE74C-D270-4C10-A958-57980B212A5A): 9
LogDevObjectVersion:   Dev-VR (D7296918-1DD6-4BDD-9DE2-64A83CC13884): 2
LogDevObjectVersion:   Dev-LoadTimes (C2A15278-BFE7-4AFE-6C17-90FF531DF755): 1
LogDevObjectVersion:   Private-Geometry (6EACA3D4-40EC-4CC1-B786-8BED09428FC5): 3
LogDevObjectVersion:   Dev-AnimPhys (29E575DD-E0A3-4627-9D10-D276232CDCEA): 17
LogDevObjectVersion:   Dev-ReflectionCapture (6B266CEC-1EC7-4B8F-A30B-E4D90942FC07): 1
LogDevObjectVersion:   Dev-Automation (0DF73D61-A23F-47EA-B727-89E90C41499A): 1
LogDevObjectVersion:   FortniteMain (601D1886-AC64-4F84-AA16-D3DE0DEAC7D6): 12
LogDevObjectVersion:   Dev-Enterprise (9DFFBCD6-494F-0158-E221-12823C92A888): 1
LogStreaming: Display: Took  0.001s to delete old logs.
LogInit: Presizing for max 8388607 objects, including 0 objects not considered by GC, pre-allocating 0 bytes for permanent pool.
LogInit: Object subsystem initialized
[2018.11.01-09.10.33:757][  0]LogInit: Selected Device Profile: [Windows]
[2018.11.01-09.10.33:757][  0]LogInit: Applying CVar settings loaded from the selected device profile: [Windows]
[2018.11.01-09.10.33:774][  0]LogHAL: Display: Platform has ~ 8 GB [8529240064 / 8589934592 / 8], which maps to Default [LargestMinGB=32, LargerMinGB=12, DefaultMinGB=8, SmallerMinGB=6, SmallestMinGB=0)
[2018.11.01-09.10.33:774][  0]LogInit: Setting Device Profile CVar: [[r.Vulkan.UseRealUBs:1]]
[2018.11.01-09.10.33:774][  0]LogInit: Going up to parent DeviceProfile []
[2018.11.01-09.10.33:774][  0]LogInit: Computer: LETHALPC
[2018.11.01-09.10.33:774][  0]LogInit: User: leath
[2018.11.01-09.10.33:774][  0]LogInit: CPU Page size=4096, Cores=4
[2018.11.01-09.10.33:774][  0]LogInit: High frequency timer resolution =3.125011 MHz
[2018.11.01-09.10.33:775][  0]LogMemory: Memory total: Physical=7.9GB (8GB approx)
[2018.11.01-09.10.33:775][  0]LogMemory: Platform Memory Stats for Windows
[2018.11.01-09.10.33:775][  0]LogMemory: Process Physical Memory: 101.86 MB used, 101.86 MB peak
[2018.11.01-09.10.33:775][  0]LogMemory: Process Virtual Memory: 87.56 MB used, 87.56 MB peak
[2018.11.01-09.10.33:775][  0]LogMemory: Physical Memory: 5979.09 MB used,  2155.02 MB free, 8134.12 MB total
[2018.11.01-09.10.33:775][  0]LogMemory: Virtual Memory: 4636.21 MB used,  2155.02 MB free, 134217728.00 MB total
[2018.11.01-09.10.33:805][  0]LogInit: Using OS detected language (en-US).
[2018.11.01-09.10.33:805][  0]LogInit: Using OS detected locale (en-US).
[2018.11.01-09.10.33:807][  0]LogTextLocalizationManager: No specific localization for 'en-US' exists, so the 'en' localization will be used.
[2018.11.01-09.10.34:289][  0]LogStreaming: Display: Took  0.483s to InitEngineTextLocalization.
[2018.11.01-09.10.34:289][  0]LogInit: Setting process to per monitor DPI aware
[2018.11.01-09.10.34:329][  0]LogSlate: New Slate User Created.  User Index 0, Is Virtual User: 0
[2018.11.01-09.10.34:329][  0]LogSlate: Slate User Registered.  User Index 0, Is Virtual User: 0
[2018.11.01-09.10.40:782][  0]LogHMD: Failed to initialize OpenVR with code 108
[2018.11.01-09.10.40:782][  0]LogD3D11RHI: D3D11 adapters:
[2018.11.01-09.10.40:868][  0]LogD3D11RHI:    0. 'NVIDIA GeForce GTX 970' (Feature Level 11_0)
[2018.11.01-09.10.40:868][  0]LogD3D11RHI:       4043/0/4067 MB DedicatedVideo/DedicatedSystem/SharedSystem, Outputs:2, VendorId:0x10de
[2018.11.01-09.10.40:871][  0]LogD3D11RHI:    1. 'Microsoft Basic Render Driver' (Feature Level 11_0)
[2018.11.01-09.10.40:871][  0]LogD3D11RHI:       0/0/4067 MB DedicatedVideo/DedicatedSystem/SharedSystem, Outputs:0, VendorId:0x1414
[2018.11.01-09.10.40:871][  0]LogD3D11RHI: Chosen D3D11 Adapter: 0
[2018.11.01-09.10.40:880][  0]LogD3D11RHI: Creating new Direct3DDevice
[2018.11.01-09.10.40:880][  0]LogD3D11RHI:     GPU DeviceId: 0x13c2 (for the marketing name, search the web for "GPU Device Id")
[2018.11.01-09.10.40:880][  0]LogWindows: EnumDisplayDevices:
[2018.11.01-09.10.40:880][  0]LogWindows:    0. 'NVIDIA GeForce GTX 970' (P:1 D:1)
[2018.11.01-09.10.40:881][  0]LogWindows:    1. 'NVIDIA GeForce GTX 970' (P:0 D:1)
[2018.11.01-09.10.40:881][  0]LogWindows:    2. 'NVIDIA GeForce GTX 970' (P:0 D:0)
[2018.11.01-09.10.40:881][  0]LogWindows:    3. 'NVIDIA GeForce GTX 970' (P:0 D:0)
[2018.11.01-09.10.40:882][  0]LogWindows: DebugString: FoundDriverCount:4 
[2018.11.01-09.10.40:882][  0]LogD3D11RHI:     Adapter Name: NVIDIA GeForce GTX 970
[2018.11.01-09.10.40:882][  0]LogD3D11RHI:   Driver Version: 416.34 (internal:25.21.14.1634, unified:416.34)
[2018.11.01-09.10.40:882][  0]LogD3D11RHI:      Driver Date: 10-10-2018
[2018.11.01-09.10.40:882][  0]LogRHI: Texture pool is 2830 MB (70% of 4043 MB)
[2018.11.01-09.10.40:939][  0]LogD3D11RHI: Async texture creation enabled
[2018.11.01-09.10.40:958][  0]LogD3D11RHI: GPU Timing Frequency: 1000.000000 (Debug: 2 2)
[2018.11.01-09.10.41:009][  0]LogShaderCompilers: Guid format shader working directory is 6 characters bigger than the processId version (../../../../GITHUB Repository/LizzysMod/Intermediate/Shaders/WorkingDirectory/20028/).
[2018.11.01-09.10.41:010][  0]LogShaderCompilers: Cleaned the shader compiler working directory 'C:/Users/leath/AppData/Local/Temp/UnrealShaderWorkingDir/900EF0CC45258F34CDAD9895A5CF6D56/'.
[2018.11.01-09.10.41:442][  0]LogTemp: Display: Loaded TP AllDesktopTargetPlatform
[2018.11.01-09.10.41:456][  0]LogTemp: Display: Loaded TP MacClientTargetPlatform
[2018.11.01-09.10.41:476][  0]LogTemp: Display: Loaded TP MacNoEditorTargetPlatform
[2018.11.01-09.10.41:490][  0]LogTemp: Display: Loaded TP MacServerTargetPlatform
[2018.11.01-09.10.41:507][  0]LogTemp: Display: Loaded TP MacTargetPlatform
[2018.11.01-09.10.41:521][  0]LogTemp: Display: Loaded TP WindowsClientTargetPlatform
[2018.11.01-09.10.41:540][  0]LogTemp: Display: Loaded TP WindowsNoEditorTargetPlatform
[2018.11.01-09.10.41:554][  0]LogTemp: Display: Loaded TP WindowsServerTargetPlatform
[2018.11.01-09.10.41:561][  0]LogTemp: Display: Loaded TP WindowsTargetPlatform
[2018.11.01-09.10.41:660][  0]LogTemp: Display: Loaded TP AndroidTargetPlatform
[2018.11.01-09.10.41:660][  0]LogTemp: Display: Loaded TP AndroidTargetPlatform
[2018.11.01-09.10.41:660][  0]LogTemp: Display: Loaded TP AndroidTargetPlatform
[2018.11.01-09.10.41:660][  0]LogTemp: Display: Loaded TP AndroidTargetPlatform
[2018.11.01-09.10.41:660][  0]LogTemp: Display: Loaded TP AndroidTargetPlatform
[2018.11.01-09.10.41:660][  0]LogTemp: Display: Loaded TP AndroidTargetPlatform
[2018.11.01-09.10.41:660][  0]LogTemp: Display: Loaded TP AndroidTargetPlatform
[2018.11.01-09.10.41:660][  0]LogTemp: Display: Loaded TP AndroidTargetPlatform
[2018.11.01-09.10.41:660][  0]LogTemp: Display: Loaded TP AndroidTargetPlatform
[2018.11.01-09.10.41:660][  0]LogTemp: Display: Loaded TP AndroidTargetPlatform
[2018.11.01-09.10.41:660][  0]LogTemp: Display: Loaded TP AndroidTargetPlatform
[2018.11.01-09.10.41:660][  0]LogTemp: Display: Loaded TP AndroidTargetPlatform
[2018.11.01-09.10.41:660][  0]LogTemp: Display: Loaded TP AndroidTargetPlatform
[2018.11.01-09.10.41:660][  0]LogTemp: Display: Loaded TP AndroidTargetPlatform
[2018.11.01-09.10.41:660][  0]LogTemp: Display: Loaded TP AndroidTargetPlatform
[2018.11.01-09.10.41:660][  0]LogTemp: Display: Loaded TP AndroidTargetPlatform
[2018.11.01-09.10.41:660][  0]LogTemp: Display: Loaded TP AndroidTargetPlatform
[2018.11.01-09.10.41:660][  0]LogTemp: Display: Loaded TP AndroidTargetPlatform
[2018.11.01-09.10.41:662][  0]LogTemp: Display: Loaded TP HTML5TargetPlatform
[2018.11.01-09.10.41:729][  0]LogTemp: Display: Loaded TP IOSTargetPlatform
[2018.11.01-09.10.41:729][  0]LogTemp: Display: Loaded TP IOSTargetPlatform
[2018.11.01-09.10.41:757][  0]LogTemp: Display: Loaded TP TVOSTargetPlatform
[2018.11.01-09.10.41:757][  0]LogTemp: Display: Loaded TP TVOSTargetPlatform
[2018.11.01-09.10.41:776][  0]LogTemp: Display: Loaded TP LinuxClientTargetPlatform
[2018.11.01-09.10.41:790][  0]LogTemp: Display: Loaded TP LinuxNoEditorTargetPlatform
[2018.11.01-09.10.41:810][  0]LogTemp: Display: Loaded TP LinuxServerTargetPlatform
[2018.11.01-09.10.41:826][  0]LogTemp: Display: Loaded TP LinuxTargetPlatform
[2018.11.01-09.10.41:836][  0]LogTemp: Display: Loaded TP LuminTargetPlatform
[2018.11.01-09.10.41:836][  0]LogTargetPlatformManager: Display: Building Assets For Windows
[2018.11.01-09.10.41:904][  0]LogXGEController: Cannot use XGE Controller as Incredibuild is not installed on this machine.
[2018.11.01-09.10.41:904][  0]LogShaderCompilers: Cannot use XGE Shader Compiler as Incredibuild is not installed on this machine.
[2018.11.01-09.10.41:904][  0]LogShaderCompilers: Display: Using Local Shader Compiler.
[2018.11.01-09.10.42:850][  0]LogDerivedDataCache: Display: Max Cache Size: 512 MB
[2018.11.01-09.10.42:996][  0]LogDerivedDataCache: Loaded boot cache 0.15s 87MB C:/Users/leath/AppData/Local/UnrealEngine/4.20/DerivedDataCache/Boot.ddc.
[2018.11.01-09.10.42:996][  0]LogDerivedDataCache: Display: Loaded Boot cache: C:/Users/leath/AppData/Local/UnrealEngine/4.20/DerivedDataCache/Boot.ddc
[2018.11.01-09.10.42:997][  0]LogDerivedDataCache: FDerivedDataBackendGraph:  Pak pak cache file ../../../../GITHUB Repository/LizzysMod/DerivedDataCache/DDC.ddp not found, will not use a pak cache.
[2018.11.01-09.10.42:997][  0]LogDerivedDataCache: Unable to find inner node Pak for hierarchical cache Hierarchy.
[2018.11.01-09.10.42:997][  0]LogDerivedDataCache: FDerivedDataBackendGraph:  CompressedPak pak cache file ../../../../GITHUB Repository/LizzysMod/DerivedDataCache/Compressed.ddp not found, will not use a pak cache.
[2018.11.01-09.10.42:997][  0]LogDerivedDataCache: Unable to find inner node CompressedPak for hierarchical cache Hierarchy.
[2018.11.01-09.10.43:010][  0]LogDerivedDataCache: Display: Pak cache opened for reading ../../../Engine/DerivedDataCache/Compressed.ddp.
[2018.11.01-09.10.43:023][  0]LogDerivedDataCache: Using Local data cache path C:/Users/leath/AppData/Local/UnrealEngine/Common/DerivedDataCache: Writable
[2018.11.01-09.10.43:023][  0]LogDerivedDataCache: Shared data cache path not found in *engine.ini, will not use an Shared cache.
[2018.11.01-09.10.43:023][  0]LogDerivedDataCache: Unable to find inner node Shared for hierarchical cache Hierarchy.
[2018.11.01-09.10.43:045][  0]LogMaterial: Verifying Global Shaders for PCD3D_SM5
[2018.11.01-09.10.43:047][  0]LogSlate: Using FreeType 2.6.0
[2018.11.01-09.10.43:048][  0]LogSlate: SlateFontServices - WITH_FREETYPE: 1, WITH_HARFBUZZ: 1
[2018.11.01-09.10.43:158][  0]LogAssetRegistry: FAssetRegistry took 0.0268 seconds to start up
[2018.11.01-09.10.43:581][  0]LogInit: Selected Device Profile: [Windows]
[2018.11.01-09.10.43:752][  0]LogSimplygon: Simplygon DLL not present - disabling.
[2018.11.01-09.10.43:756][  0]LogMeshReduction: Using SimplygonSwarm for distributed automatic mesh merging
[2018.11.01-09.10.43:756][  0]LogMeshReduction: Using ProxyLODMeshReduction for automatic mesh merging
[2018.11.01-09.10.43:756][  0]LogMeshReduction: Using QuadricMeshReduction for automatic static mesh reduction
[2018.11.01-09.10.43:756][  0]LogMeshReduction: No automatic skeletal mesh reduction module available
[2018.11.01-09.10.43:789][  0]LogNetVersion: LizzysMod 1.0.0, NetCL: 4212847, EngineNetVer: 5, GameNetVer: 0 (Checksum: 132266126)
[2018.11.01-09.10.44:552][  0]LogPackageLocalizationCache: Processed 11 localized package path(s) for 2 prioritized culture(s) in 0.225384 seconds
[2018.11.01-09.10.44:560][  0]LogUObjectArray: 38425 objects as part of root set at end of initial load.
[2018.11.01-09.10.44:560][  0]LogUObjectAllocator: 6690864 out of 0 bytes used by permanent object pool.
[2018.11.01-09.10.44:560][  0]LogUObjectArray: CloseDisregardForGC: 0/0 objects in disregard for GC pool
[2018.11.01-09.10.45:777][  0]LogTcpMessaging: Initializing TcpMessaging bridge
[2018.11.01-09.10.45:801][  0]LogUdpMessaging: Initializing bridge on interface 0.0.0.0:0 to multicast group 230.0.0.1:6666.
[2018.11.01-09.10.46:029][  0]SourceControl: Source control is disabled
[2018.11.01-09.10.46:029][  0]SourceControl: Source control is disabled
[2018.11.01-09.10.46:031][  0]SourceControl: Source control is disabled
[2018.11.01-09.10.46:032][  0]SourceControl: Source control is disabled
[2018.11.01-09.10.46:288][  0]LogAndroidPermission: UAndroidPermissionCallbackProxy::GetInstance
[2018.11.01-09.10.46:591][  0]LogOcInput: OculusInput pre-init called
[2018.11.01-09.10.46:663][  0]LogEngine: Initializing Engine...
[2018.11.01-09.10.52:545][  0]LogHMD: Failed to initialize OpenVR with code 108
[2018.11.01-09.10.52:546][  0]LogStats: UGameplayTagsManager::ConstructGameplayTagTree: ImportINI prefixes -  0.000 s
[2018.11.01-09.10.52:546][  0]LogStats: UGameplayTagsManager::ConstructGameplayTagTree: Construct from data asset -  0.000 s
[2018.11.01-09.10.52:547][  0]LogStats: UGameplayTagsManager::ConstructGameplayTagTree: ImportINI -  0.000 s
[2018.11.01-09.10.52:547][  0]LogStats: UGameplayTagsManager::ConstructGameplayTagTree: GameplayTagTreeChangedEvent.Broadcast -  0.000 s
[2018.11.01-09.10.52:824][  0]LogInit: Initializing FReadOnlyCVARCache
[2018.11.01-09.10.52:838][  0]LogAIModule: Creating AISystem for world Untitled
[2018.11.01-09.10.52:941][  0]LogInit: XAudio2 using 'Speakers (Logitech G633 Gaming Headset)' : 6 channels at 44.1 kHz using 16 bits per sample (channel mask 0x3f)
[2018.11.01-09.10.52:978][  0]LogInit: FAudioDevice initialized.
[2018.11.01-09.10.52:978][  0]LogNetVersion: Set ProjectVersion to 1.0.0.0. Version Checksum will be recalculated on next use.
[2018.11.01-09.10.53:259][  0]LogDerivedDataCache: Saved boot cache 0.28s 87MB C:/Users/leath/AppData/Local/UnrealEngine/4.20/DerivedDataCache/Boot.ddc.
[2018.11.01-09.10.53:283][  0]LogInit: Texture streaming: Enabled
[2018.11.01-09.10.53:307][  0]LogEngineSessionManager: EngineSessionManager initialized
[2018.11.01-09.10.53:325][  0]LogInit: Transaction tracking system initialized
[2018.11.01-09.10.53:351][  0]BlueprintLog: New page: Editor Load
[2018.11.01-09.10.53:592][  0]LocalizationService: Localization service is disabled
[2018.11.01-09.10.54:066][  0]LogFileCache: Scanning file cache for directory 'D:/GITHUB Repository/LizzysMod/Content/' took 0.01s
[2018.11.01-09.10.54:066][  0]LogCook: Display: Max memory allowance for cook 16384mb min free memory 0mb
[2018.11.01-09.10.54:066][  0]LogCook: Display: Mobile HDR setting 1
[2018.11.01-09.10.54:083][  0]LogGameplayTags: Display: UGameplayTagsManager::DoneAddingNativeTags. DelegateIsBound: 0
[2018.11.01-09.10.54:083][  0]LogStats: UGameplayTagsManager::ConstructGameplayTagTree: ImportINI prefixes -  0.000 s
[2018.11.01-09.10.54:083][  0]LogStats: UGameplayTagsManager::ConstructGameplayTagTree: Construct from data asset -  0.000 s
[2018.11.01-09.10.54:083][  0]LogStats: UGameplayTagsManager::ConstructGameplayTagTree: ImportINI -  0.000 s
[2018.11.01-09.10.54:084][  0]LogStats: UGameplayTagsManager::ConstructGameplayTagTree: GameplayTagTreeChangedEvent.Broadcast -  0.000 s
[2018.11.01-09.10.54:256][  0]SourceControl: Source control is disabled
[2018.11.01-09.10.54:527][  0]LogFactory: FactoryCreateFile: PackFactory with PackFactory (0 0 D:/UE_4.20/FeaturePacks/StarterContent.upack)
[2018.11.01-09.10.54:859][  0]LogPackFactory: Finished extracting 8 files (including 0 errors).
[2018.11.01-09.10.54:912][  0]LogPackFactory: Copied "../../../Samples/StarterContent/Content/StarterContent/Architecture/Floor_400x400.uasset" to "../../../../GITHUB Repository/LizzysMod/Content/StarterContent/Architecture/Floor_400x400.uasset"
[2018.11.01-09.10.54:948][  0]LogPackFactory: Copied "../../../Samples/StarterContent/Content/StarterContent/Architecture/Pillar_50x500.uasset" to "../../../../GITHUB Repository/LizzysMod/Content/StarterContent/Architecture/Pillar_50x500.uasset"
[2018.11.01-09.10.54:995][  0]LogPackFactory: Copied "../../../Samples/StarterContent/Content/StarterContent/Architecture/SM_AssetPlatform.uasset" to "../../../../GITHUB Repository/LizzysMod/Content/StarterContent/Architecture/SM_AssetPlatform.uasset"
[2018.11.01-09.10.55:020][  0]LogPackFactory: Copied "../../../Samples/StarterContent/Content/StarterContent/Architecture/Wall_400x200.uasset" to "../../../../GITHUB Repository/LizzysMod/Content/StarterContent/Architecture/Wall_400x200.uasset"
[2018.11.01-09.10.55:043][  0]LogPackFactory: Copied "../../../Samples/StarterContent/Content/StarterContent/Architecture/Wall_400x300.uasset" to "../../../../GITHUB Repository/LizzysMod/Content/StarterContent/Architecture/Wall_400x300.uasset"
[2018.11.01-09.10.55:061][  0]LogPackFactory: Copied "../../../Samples/StarterContent/Content/StarterContent/Architecture/Wall_400x400.uasset" to "../../../../GITHUB Repository/LizzysMod/Content/StarterContent/Architecture/Wall_400x400.uasset"
[2018.11.01-09.10.55:064][  0]LogPackFactory: Copied "../../../Samples/StarterContent/Content/StarterContent/Architecture/Wall_500x500.uasset" to "../../../../GITHUB Repository/LizzysMod/Content/StarterContent/Architecture/Wall_500x500.uasset"
[2018.11.01-09.10.55:074][  0]LogPackFactory: Copied "../../../Samples/StarterContent/Content/StarterContent/Architecture/Wall_Door_400x300.uasset" to "../../../../GITHUB Repository/LizzysMod/Content/StarterContent/Architecture/Wall_Door_400x300.uasset"
[2018.11.01-09.10.55:076][  0]LogPackFactory: Copied "../../../Samples/StarterContent/Content/StarterContent/Architecture/Wall_Door_400x400.uasset" to "../../../../GITHUB Repository/LizzysMod/Content/StarterContent/Architecture/Wall_Door_400x400.uasset"
[2018.11.01-09.10.55:095][  0]LogPackFactory: Copied "../../../Samples/StarterContent/Content/StarterContent/Architecture/Wall_Window_400x300.uasset" to "../../../../GITHUB Repository/LizzysMod/Content/StarterContent/Architecture/Wall_Window_400x300.uasset"
[2018.11.01-09.10.55:121][  0]LogPackFactory: Copied "../../../Samples/StarterContent/Content/StarterContent/Architecture/Wall_Window_400x400.uasset" to "../../../../GITHUB Repository/LizzysMod/Content/StarterContent/Architecture/Wall_Window_400x400.uasset"
[2018.11.01-09.10.55:178][  0]LogPackFactory: Copied "../../../Samples/StarterContent/Content/StarterContent/Audio/Collapse01.uasset" to "../../../../GITHUB Repository/LizzysMod/Content/StarterContent/Audio/Collapse01.uasset"
[2018.11.01-09.10.55:207][  0]LogPackFactory: Copied "../../../Samples/StarterContent/Content/StarterContent/Audio/Collapse02.uasset" to "../../../../GITHUB Repository/LizzysMod/Content/StarterContent/Audio/Collapse02.uasset"
[2018.11.01-09.10.55:232][  0]LogPackFactory: Copied "../../../Samples/StarterContent/Content/StarterContent/Audio/Collapse_Cue.uasset" to "../../../../GITHUB Repository/LizzysMod/Content/StarterContent/Audio/Collapse_Cue.uasset"
[2018.11.01-09.10.55:249][  0]LogPackFactory: Copied "../../../Samples/StarterContent/Content/StarterContent/Audio/Explosion01.uasset" to "../../../../GITHUB Repository/LizzysMod/Content/StarterContent/Audio/Explosion01.uasset"
[2018.11.01-09.10.55:267][  0]LogPackFactory: Copied "../../../Samples/StarterContent/Content/StarterContent/Audio/Explosion02.uasset" to "../../../../GITHUB Repository/LizzysMod/Content/StarterContent/Audio/Explosion02.uasset"
[2018.11.01-09.10.55:280][  0]LogPackFactory: Copied "../../../Samples/StarterContent/Content/StarterContent/Audio/Explosion_Cue.uasset" to "../../../../GITHUB Repository/LizzysMod/Content/StarterContent/Audio/Explosion_Cue.uasset"
[2018.11.01-09.10.55:340][  0]LogPackFactory: Copied "../../../Samples/StarterContent/Content/StarterContent/Audio/Fire01.uasset" to "../../../../GITHUB Repository/LizzysMod/Content/StarterContent/Audio/Fire01.uasset"
[2018.11.01-09.10.55:352][  0]LogPackFactory: Copied "../../../Samples/StarterContent/Content/StarterContent/Audio/Fire01_Cue.uasset" to "../../../../GITHUB Repository/LizzysMod/Content/StarterContent/Audio/Fire01_Cue.uasset"
[2018.11.01-09.10.55:424][  0]LogPackFactory: Copied "../../../Samples/StarterContent/Content/StarterContent/Audio/Fire_Sparks01.uasset" to "../../../../GITHUB Repository/LizzysMod/Content/StarterContent/Audio/Fire_Sparks01.uasset"
[2018.11.01-09.10.55:462][  0]LogPackFactory: Copied "../../../Samples/StarterContent/Content/StarterContent/Audio/Fire_Sparks01_Cue.uasset" to "../../../../GITHUB Repository/LizzysMod/Content/StarterContent/Audio/Fire_Sparks01_Cue.uasset"
[2018.11.01-09.10.55:523][  0]LogPackFactory: Copied "../../../Samples/StarterContent/Content/StarterContent/Audio/Light01.uasset" to "../../../../GITHUB Repository/LizzysMod/Content/StarterContent/Audio/Light01.uasset"
[2018.11.01-09.10.55:549][  0]LogPackFactory: Copied "../../../Samples/StarterContent/Content/StarterContent/Audio/Light01_Cue.uasset" to "../../../../GITHUB Repository/LizzysMod/Content/StarterContent/Audio/Light01_Cue.uasset"
[2018.11.01-09.10.55:595][  0]LogPackFactory: Copied "../../../Samples/StarterContent/Content/StarterContent/Audio/Light02.uasset" to "../../../../GITHUB Repository/LizzysMod/Content/StarterContent/Audio/Light02.uasset"
[2018.11.01-09.10.55:621][  0]LogPackFactory: Copied "../../../Samples/StarterContent/Content/StarterContent/Audio/Light02_Cue.uasset" to "../../../../GITHUB Repository/LizzysMod/Content/StarterContent/Audio/Light02_Cue.uasset"
[2018.11.01-09.10.55:687][  0]LogPackFactory: Copied "../../../Samples/StarterContent/Content/StarterContent/Audio/Smoke01.uasset" to "../../../../GITHUB Repository/LizzysMod/Content/StarterContent/Audio/Smoke01.uasset"
[2018.11.01-09.10.55:713][  0]LogPackFactory: Copied "../../../Samples/StarterContent/Content/StarterContent/Audio/Smoke01_Cue.uasset" to "../../../../GITHUB Repository/LizzysMod/Content/StarterContent/Audio/Smoke01_Cue.uasset"
[2018.11.01-09.10.55:729][  0]LogPackFactory: Copied "../../../Samples/StarterContent/Content/StarterContent/Audio/Starter_Background_Cue.uasset" to "../../../../GITHUB Repository/LizzysMod/Content/StarterContent/Audio/Starter_Background_Cue.uasset"
[2018.11.01-09.10.55:963][  0]LogPackFactory: Copied "../../../Samples/StarterContent/Content/StarterContent/Audio/Starter_Birds01.uasset" to "../../../../GITHUB Repository/LizzysMod/Content/StarterContent/Audio/Starter_Birds01.uasset"
[2018.11.01-09.10.56:580][  0]LogPackFactory: Copied "../../../Samples/StarterContent/Content/StarterContent/Audio/Starter_Music01.uasset" to "../../../../GITHUB Repository/LizzysMod/Content/StarterContent/Audio/Starter_Music01.uasset"
[2018.11.01-09.10.56:595][  0]LogPackFactory: Copied "../../../Samples/StarterContent/Content/StarterContent/Audio/Starter_Music_Cue.uasset" to "../../../../GITHUB Repository/LizzysMod/Content/StarterContent/Audio/Starter_Music_Cue.uasset"
[2018.11.01-09.10.56:744][  0]LogPackFactory: Copied "../../../Samples/StarterContent/Content/StarterContent/Audio/Starter_Wind05.uasset" to "../../../../GITHUB Repository/LizzysMod/Content/StarterContent/Audio/Starter_Wind05.uasset"
[2018.11.01-09.10.56:913][  0]LogPackFactory: Copied "../../../Samples/StarterContent/Content/StarterContent/Audio/Starter_Wind06.uasset" to "../../../../GITHUB Repository/LizzysMod/Content/StarterContent/Audio/Starter_Wind06.uasset"
[2018.11.01-09.10.56:966][  0]LogPackFactory: Copied "../../../Samples/StarterContent/Content/StarterContent/Audio/Steam01.uasset" to "../../../../GITHUB Repository/LizzysMod/Content/StarterContent/Audio/Steam01.uasset"
[2018.11.01-09.10.56:994][  0]LogPackFactory: Copied "../../../Samples/StarterContent/Content/StarterContent/Audio/Steam01_Cue.uasset" to "../../../../GITHUB Repository/LizzysMod/Content/StarterContent/Audio/Steam01_Cue.uasset"
[2018.11.01-09.10.57:015][  0]LogPackFactory: Copied "../../../Samples/StarterContent/Content/StarterContent/Blueprints/Blueprint_CeilingLight.uasset" to "../../../../GITHUB Repository/LizzysMod/Content/StarterContent/Blueprints/Blueprint_CeilingLight.uasset"
[2018.11.01-09.10.57:027][  0]LogPackFactory: Copied "../../../Samples/StarterContent/Content/StarterContent/Blueprints/Blueprint_Effect_Explosion.uasset" to "../../../../GITHUB Repository/LizzysMod/Content/StarterContent/Blueprints/Blueprint_Effect_Explosion.uasset"
[2018.11.01-09.10.57:058][  0]LogPackFactory: Copied "../../../Samples/StarterContent/Content/StarterContent/Blueprints/Blueprint_Effect_Fire.uasset" to "../../../../GITHUB Repository/LizzysMod/Content/StarterContent/Blueprints/Blueprint_Effect_Fire.uasset"
[2018.11.01-09.10.57:098][  0]LogPackFactory: Copied "../../../Samples/StarterContent/Content/StarterContent/Blueprints/Blueprint_Effect_Smoke.uasset" to "../../../../GITHUB Repository/LizzysMod/Content/StarterContent/Blueprints/Blueprint_Effect_Smoke.uasset"
[2018.11.01-09.10.57:127][  0]LogPackFactory: Copied "../../../Samples/StarterContent/Content/StarterContent/Blueprints/Blueprint_Effect_Sparks.uasset" to "../../../../GITHUB Repository/LizzysMod/Content/StarterContent/Blueprints/Blueprint_Effect_Sparks.uasset"
[2018.11.01-09.10.57:140][  0]LogPackFactory: Copied "../../../Samples/StarterContent/Content/StarterContent/Blueprints/Blueprint_Effect_Steam.uasset" to "../../../../GITHUB Repository/LizzysMod/Content/StarterContent/Blueprints/Blueprint_Effect_Steam.uasset"
[2018.11.01-09.10.57:161][  0]LogPackFactory: Copied "../../../Samples/StarterContent/Content/StarterContent/Blueprints/Blueprint_WallSconce.uasset" to "../../../../GITHUB Repository/LizzysMod/Content/StarterContent/Blueprints/Blueprint_WallSconce.uasset"
[2018.11.01-09.10.57:185][  0]LogPackFactory: Copied "../../../Samples/StarterContent/Content/StarterContent/Blueprints/BP_LightStudio.uasset" to "../../../../GITHUB Repository/LizzysMod/Content/StarterContent/Blueprints/BP_LightStudio.uasset"
[2018.11.01-09.10.57:209][  0]LogPackFactory: Copied "../../../Samples/StarterContent/Content/StarterContent/Blueprints/Assets/FogBrightnessLUT.uasset" to "../../../../GITHUB Repository/LizzysMod/Content/StarterContent/Blueprints/Assets/FogBrightnessLUT.uasset"
[2018.11.01-09.10.57:230][  0]LogPackFactory: Copied "../../../Samples/StarterContent/Content/StarterContent/Blueprints/Assets/M_LightStage_Arrows.uasset" to "../../../../GITHUB Repository/LizzysMod/Content/StarterContent/Blueprints/Assets/M_LightStage_Arrows.uasset"
[2018.11.01-09.10.57:249][  0]LogPackFactory: Copied "../../../Samples/StarterContent/Content/StarterContent/Blueprints/Assets/M_LightStage_Skybox_Black.uasset" to "../../../../GITHUB Repository/LizzysMod/Content/StarterContent/Blueprints/Assets/M_LightStage_Skybox_Black.uasset"
[2018.11.01-09.10.57:268][  0]LogPackFactory: Copied "../../../Samples/StarterContent/Content/StarterContent/Blueprints/Assets/M_LightStage_Skybox_HDRI.uasset" to "../../../../GITHUB Repository/LizzysMod/Content/StarterContent/Blueprints/Assets/M_LightStage_Skybox_HDRI.uasset"
[2018.11.01-09.10.57:271][  0]LogPackFactory: Copied "../../../Samples/StarterContent/Content/StarterContent/Blueprints/Assets/M_LightStage_Skybox_Master.uasset" to "../../../../GITHUB Repository/LizzysMod/Content/StarterContent/Blueprints/Assets/M_LightStage_Skybox_Master.uasset"
[2018.11.01-09.10.57:393][  0]LogPackFactory: Copied "../../../Samples/StarterContent/Content/StarterContent/Blueprints/Assets/Skybox.uasset" to "../../../../GITHUB Repository/LizzysMod/Content/StarterContent/Blueprints/Assets/Skybox.uasset"
[2018.11.01-09.10.57:449][  0]LogPackFactory: Copied "../../../Samples/StarterContent/Content/StarterContent/Blueprints/Assets/SM_Arrows.uasset" to "../../../../GITHUB Repository/LizzysMod/Content/StarterContent/Blueprints/Assets/SM_Arrows.uasset"
[2018.11.01-09.10.57:452][  0]LogPackFactory: Copied "../../../Samples/StarterContent/Content/StarterContent/Blueprints/Assets/SunlightColorLUT.uasset" to "../../../../GITHUB Repository/LizzysMod/Content/StarterContent/Blueprints/Assets/SunlightColorLUT.uasset"
[2018.11.01-09.11.03:507][  0]LogPackFactory: Copied "../../../Samples/StarterContent/Content/StarterContent/HDRI/HDRI_Epic_Courtyard_Daylight.uasset" to "../../../../GITHUB Repository/LizzysMod/Content/StarterContent/HDRI/HDRI_Epic_Courtyard_Daylight.uasset"
[2018.11.01-09.11.03:556][  0]LogPackFactory: Copied "../../../Samples/StarterContent/Content/StarterContent/Maps/Advanced_Lighting.umap" to "../../../../GITHUB Repository/LizzysMod/Content/StarterContent/Maps/Advanced_Lighting.umap"
[2018.11.01-09.11.03:681][  0]LogPackFactory: Copied "../../../Samples/StarterContent/Content/StarterContent/Maps/Advanced_Lighting_BuiltData.uasset" to "../../../../GITHUB Repository/LizzysMod/Content/StarterContent/Maps/Advanced_Lighting_BuiltData.uasset"
[2018.11.01-09.11.03:701][  0]LogPackFactory: Copied "../../../Samples/StarterContent/Content/StarterContent/Maps/Minimal_Default.umap" to "../../../../GITHUB Repository/LizzysMod/Content/StarterContent/Maps/Minimal_Default.umap"
[2018.11.01-09.11.03:947][  0]LogPackFactory: Copied "../../../Samples/StarterContent/Content/StarterContent/Maps/Minimal_Default_BuiltData.uasset" to "../../../../GITHUB Repository/LizzysMod/Content/StarterContent/Maps/Minimal_Default_BuiltData.uasset"
[2018.11.01-09.11.04:107][  0]LogPackFactory: Copied "../../../Samples/StarterContent/Content/StarterContent/Maps/StarterMap.umap" to "../../../../GITHUB Repository/LizzysMod/Content/StarterContent/Maps/StarterMap.umap"
[2018.11.01-09.11.06:293][  0]LogPackFactory: Copied "../../../Samples/StarterContent/Content/StarterContent/Maps/StarterMap_BuiltData.uasset" to "../../../../GITHUB Repository/LizzysMod/Content/StarterContent/Maps/StarterMap_BuiltData.uasset"
[2018.11.01-09.11.06:323][  0]LogPackFactory: Copied "../../../Samples/StarterContent/Content/StarterContent/Materials/M_AssetPlatform.uasset" to "../../../../GITHUB Repository/LizzysMod/Content/StarterContent/Materials/M_AssetPlatform.uasset"
[2018.11.01-09.11.06:386][  0]LogPackFactory: Copied "../../../Samples/StarterContent/Content/StarterContent/Materials/M_Basic_Floor.uasset" to "../../../../GITHUB Repository/LizzysMod/Content/StarterContent/Materials/M_Basic_Floor.uasset"
[2018.11.01-09.11.06:442][  0]LogPackFactory: Copied "../../../Samples/StarterContent/Content/StarterContent/Materials/M_Basic_Wall.uasset" to "../../../../GITHUB Repository/LizzysMod/Content/StarterContent/Materials/M_Basic_Wall.uasset"
[2018.11.01-09.11.06:459][  0]LogPackFactory: Copied "../../../Samples/StarterContent/Content/StarterContent/Materials/M_Brick_Clay_Beveled.uasset" to "../../../../GITHUB Repository/LizzysMod/Content/StarterContent/Materials/M_Brick_Clay_Beveled.uasset"
[2018.11.01-09.11.06:504][  0]LogPackFactory: Copied "../../../Samples/StarterContent/Content/StarterContent/Materials/M_Brick_Clay_New.uasset" to "../../../../GITHUB Repository/LizzysMod/Content/StarterContent/Materials/M_Brick_Clay_New.uasset"
[2018.11.01-09.11.06:535][  0]LogPackFactory: Copied "../../../Samples/StarterContent/Content/StarterContent/Materials/M_Brick_Clay_Old.uasset" to "../../../../GITHUB Repository/LizzysMod/Content/StarterContent/Materials/M_Brick_Clay_Old.uasset"
[2018.11.01-09.11.06:626][  0]LogPackFactory: Copied "../../../Samples/StarterContent/Content/StarterContent/Materials/M_Brick_Cut_Stone.uasset" to "../../../../GITHUB Repository/LizzysMod/Content/StarterContent/Materials/M_Brick_Cut_Stone.uasset"
[2018.11.01-09.11.06:666][  0]LogPackFactory: Copied "../../../Samples/StarterContent/Content/StarterContent/Materials/M_Brick_Hewn_Stone.uasset" to "../../../../GITHUB Repository/LizzysMod/Content/StarterContent/Materials/M_Brick_Hewn_Stone.uasset"
[2018.11.01-09.11.06:697][  0]LogPackFactory: Copied "../../../Samples/StarterContent/Content/StarterContent/Materials/M_Ceramic_Tile_Checker.uasset" to "../../../../GITHUB Repository/LizzysMod/Content/StarterContent/Materials/M_Ceramic_Tile_Checker.uasset"
[2018.11.01-09.11.06:722][  0]LogPackFactory: Copied "../../../Samples/StarterContent/Content/StarterContent/Materials/M_CobbleStone_Pebble.uasset" to "../../../../GITHUB Repository/LizzysMod/Content/StarterContent/Materials/M_CobbleStone_Pebble.uasset"
[2018.11.01-09.11.06:763][  0]LogPackFactory: Copied "../../../Samples/StarterContent/Content/StarterContent/Materials/M_CobbleStone_Rough.uasset" to "../../../../GITHUB Repository/LizzysMod/Content/StarterContent/Materials/M_CobbleStone_Rough.uasset"
[2018.11.01-09.11.06:781][  0]LogPackFactory: Copied "../../../Samples/StarterContent/Content/StarterContent/Materials/M_CobbleStone_Smooth.uasset" to "../../../../GITHUB Repository/LizzysMod/Content/StarterContent/Materials/M_CobbleStone_Smooth.uasset"
[2018.11.01-09.11.06:866][  0]LogPackFactory: Copied "../../../Samples/StarterContent/Content/StarterContent/Materials/M_ColorGrid_LowSpec.uasset" to "../../../../GITHUB Repository/LizzysMod/Content/StarterContent/Materials/M_ColorGrid_LowSpec.uasset"
[2018.11.01-09.11.06:949][  0]LogPackFactory: Copied "../../../Samples/StarterContent/Content/StarterContent/Materials/M_Concrete_Grime.uasset" to "../../../../GITHUB Repository/LizzysMod/Content/StarterContent/Materials/M_Concrete_Grime.uasset"
[2018.11.01-09.11.07:035][  0]LogPackFactory: Copied "../../../Samples/StarterContent/Content/StarterContent/Materials/M_Concrete_Panels.uasset" to "../../../../GITHUB Repository/LizzysMod/Content/StarterContent/Materials/M_Concrete_Panels.uasset"
[2018.11.01-09.11.07:068][  0]LogPackFactory: Copied "../../../Samples/StarterContent/Content/StarterContent/Materials/M_Concrete_Poured.uasset" to "../../../../GITHUB Repository/LizzysMod/Content/StarterContent/Materials/M_Concrete_Poured.uasset"
[2018.11.01-09.11.07:124][  0]LogPackFactory: Copied "../../../Samples/StarterContent/Content/StarterContent/Materials/M_Concrete_Tiles.uasset" to "../../../../GITHUB Repository/LizzysMod/Content/StarterContent/Materials/M_Concrete_Tiles.uasset"
[2018.11.01-09.11.07:148][  0]LogPackFactory: Copied "../../../Samples/StarterContent/Content/StarterContent/Materials/M_Glass.uasset" to "../../../../GITHUB Repository/LizzysMod/Content/StarterContent/Materials/M_Glass.uasset"
[2018.11.01-09.11.07:189][  0]LogPackFactory: Copied "../../../Samples/StarterContent/Content/StarterContent/Materials/M_Ground_Grass.uasset" to "../../../../GITHUB Repository/LizzysMod/Content/StarterContent/Materials/M_Ground_Grass.uasset"
[2018.11.01-09.11.07:240][  0]LogPackFactory: Copied "../../../Samples/StarterContent/Content/StarterContent/Materials/M_Ground_Gravel.uasset" to "../../../../GITHUB Repository/LizzysMod/Content/StarterContent/Materials/M_Ground_Gravel.uasset"
[2018.11.01-09.11.07:247][  0]LogPackFactory: Copied "../../../Samples/StarterContent/Content/StarterContent/Materials/M_Ground_Moss.uasset" to "../../../../GITHUB Repository/LizzysMod/Content/StarterContent/Materials/M_Ground_Moss.uasset"
[2018.11.01-09.11.07:275][  0]LogPackFactory: Copied "../../../Samples/StarterContent/Content/StarterContent/Materials/M_Metal_Brushed_Nickel.uasset" to "../../../../GITHUB Repository/LizzysMod/Content/StarterContent/Materials/M_Metal_Brushed_Nickel.uasset"
[2018.11.01-09.11.07:306][  0]LogPackFactory: Copied "../../../Samples/StarterContent/Content/StarterContent/Materials/M_Metal_Burnished_Steel.uasset" to "../../../../GITHUB Repository/LizzysMod/Content/StarterContent/Materials/M_Metal_Burnished_Steel.uasset"
[2018.11.01-09.11.07:330][  0]LogPackFactory: Copied "../../../Samples/StarterContent/Content/StarterContent/Materials/M_Metal_Chrome.uasset" to "../../../../GITHUB Repository/LizzysMod/Content/StarterContent/Materials/M_Metal_Chrome.uasset"
[2018.11.01-09.11.07:350][  0]LogPackFactory: Copied "../../../Samples/StarterContent/Content/StarterContent/Materials/M_Metal_Copper.uasset" to "../../../../GITHUB Repository/LizzysMod/Content/StarterContent/Materials/M_Metal_Copper.uasset"
[2018.11.01-09.11.07:381][  0]LogPackFactory: Copied "../../../Samples/StarterContent/Content/StarterContent/Materials/M_Metal_Gold.uasset" to "../../../../GITHUB Repository/LizzysMod/Content/StarterContent/Materials/M_Metal_Gold.uasset"
[2018.11.01-09.11.07:448][  0]LogPackFactory: Copied "../../../Samples/StarterContent/Content/StarterContent/Materials/M_Metal_Rust.uasset" to "../../../../GITHUB Repository/LizzysMod/Content/StarterContent/Materials/M_Metal_Rust.uasset"
[2018.11.01-09.11.07:489][  0]LogPackFactory: Copied "../../../Samples/StarterContent/Content/StarterContent/Materials/M_Metal_Steel.uasset" to "../../../../GITHUB Repository/LizzysMod/Content/StarterContent/Materials/M_Metal_Steel.uasset"
[2018.11.01-09.11.07:513][  0]LogPackFactory: Copied "../../../Samples/StarterContent/Content/StarterContent/Materials/M_Rock_Basalt.uasset" to "../../../../GITHUB Repository/LizzysMod/Content/StarterContent/Materials/M_Rock_Basalt.uasset"
[2018.11.01-09.11.07:606][  0]LogPackFactory: Copied "../../../Samples/StarterContent/Content/StarterContent/Materials/M_Rock_Marble_Polished.uasset" to "../../../../GITHUB Repository/LizzysMod/Content/StarterContent/Materials/M_Rock_Marble_Polished.uasset"
[2018.11.01-09.11.07:674][  0]LogPackFactory: Copied "../../../Samples/StarterContent/Content/StarterContent/Materials/M_Rock_Sandstone.uasset" to "../../../../GITHUB Repository/LizzysMod/Content/StarterContent/Materials/M_Rock_Sandstone.uasset"
[2018.11.01-09.11.07:708][  0]LogPackFactory: Copied "../../../Samples/StarterContent/Content/StarterContent/Materials/M_Rock_Slate.uasset" to "../../../../GITHUB Repository/LizzysMod/Content/StarterContent/Materials/M_Rock_Slate.uasset"
[2018.11.01-09.11.07:746][  0]LogPackFactory: Copied "../../../Samples/StarterContent/Content/StarterContent/Materials/M_Tech_Checker_Dot.uasset" to "../../../../GITHUB Repository/LizzysMod/Content/StarterContent/Materials/M_Tech_Checker_Dot.uasset"
[2018.11.01-09.11.07:785][  0]LogPackFactory: Copied "../../../Samples/StarterContent/Content/StarterContent/Materials/M_Tech_Hex_Tile.uasset" to "../../../../GITHUB Repository/LizzysMod/Content/StarterContent/Materials/M_Tech_Hex_Tile.uasset"
[2018.11.01-09.11.07:827][  0]LogPackFactory: Copied "../../../Samples/StarterContent/Content/StarterContent/Materials/M_Tech_Hex_Tile_Pulse.uasset" to "../../../../GITHUB Repository/LizzysMod/Content/StarterContent/Materials/M_Tech_Hex_Tile_Pulse.uasset"
[2018.11.01-09.11.07:859][  0]LogPackFactory: Copied "../../../Samples/StarterContent/Content/StarterContent/Materials/M_Tech_Panel.uasset" to "../../../../GITHUB Repository/LizzysMod/Content/StarterContent/Materials/M_Tech_Panel.uasset"
[2018.11.01-09.11.07:883][  0]LogPackFactory: Copied "../../../Samples/StarterContent/Content/StarterContent/Materials/M_Water_Lake.uasset" to "../../../../GITHUB Repository/LizzysMod/Content/StarterContent/Materials/M_Water_Lake.uasset"
[2018.11.01-09.11.07:910][  0]LogPackFactory: Copied "../../../Samples/StarterContent/Content/StarterContent/Materials/M_Water_Ocean.uasset" to "../../../../GITHUB Repository/LizzysMod/Content/StarterContent/Materials/M_Water_Ocean.uasset"
[2018.11.01-09.11.07:946][  0]LogPackFactory: Copied "../../../Samples/StarterContent/Content/StarterContent/Materials/M_Wood_Floor_Walnut_Polished.uasset" to "../../../../GITHUB Repository/LizzysMod/Content/StarterContent/Materials/M_Wood_Floor_Walnut_Polished.uasset"
[2018.11.01-09.11.08:006][  0]LogPackFactory: Copied "../../../Samples/StarterContent/Content/StarterContent/Materials/M_Wood_Floor_Walnut_Worn.uasset" to "../../../../GITHUB Repository/LizzysMod/Content/StarterContent/Materials/M_Wood_Floor_Walnut_Worn.uasset"
[2018.11.01-09.11.08:021][  0]LogPackFactory: Copied "../../../Samples/StarterContent/Content/StarterContent/Materials/M_Wood_Oak.uasset" to "../../../../GITHUB Repository/LizzysMod/Content/StarterContent/Materials/M_Wood_Oak.uasset"
[2018.11.01-09.11.08:047][  0]LogPackFactory: Copied "../../../Samples/StarterContent/Content/StarterContent/Materials/M_Wood_Pine.uasset" to "../../../../GITHUB Repository/LizzysMod/Content/StarterContent/Materials/M_Wood_Pine.uasset"
[2018.11.01-09.11.08:072][  0]LogPackFactory: Copied "../../../Samples/StarterContent/Content/StarterContent/Materials/M_Wood_Walnut.uasset" to "../../../../GITHUB Repository/LizzysMod/Content/StarterContent/Materials/M_Wood_Walnut.uasset"
[2018.11.01-09.11.08:089][  0]LogPackFactory: Copied "../../../Samples/StarterContent/Content/StarterContent/Particles/P_Ambient_Dust.uasset" to "../../../../GITHUB Repository/LizzysMod/Content/StarterContent/Particles/P_Ambient_Dust.uasset"
[2018.11.01-09.11.08:159][  0]LogPackFactory: Copied "../../../Samples/StarterContent/Content/StarterContent/Particles/P_Explosion.uasset" to "../../../../GITHUB Repository/LizzysMod/Content/StarterContent/Particles/P_Explosion.uasset"
[2018.11.01-09.11.08:337][  0]LogPackFactory: Copied "../../../Samples/StarterContent/Content/StarterContent/Particles/P_Fire.uasset" to "../../../../GITHUB Repository/LizzysMod/Content/StarterContent/Particles/P_Fire.uasset"
[2018.11.01-09.11.08:356][  0]LogPackFactory: Copied "../../../Samples/StarterContent/Content/StarterContent/Particles/P_Smoke.uasset" to "../../../../GITHUB Repository/LizzysMod/Content/StarterContent/Particles/P_Smoke.uasset"
[2018.11.01-09.11.08:369][  0]LogPackFactory: Copied "../../../Samples/StarterContent/Content/StarterContent/Particles/P_Sparks.uasset" to "../../../../GITHUB Repository/LizzysMod/Content/StarterContent/Particles/P_Sparks.uasset"
[2018.11.01-09.11.08:382][  0]LogPackFactory: Copied "../../../Samples/StarterContent/Content/StarterContent/Particles/P_Steam_Lit.uasset" to "../../../../GITHUB Repository/LizzysMod/Content/StarterContent/Particles/P_Steam_Lit.uasset"
[2018.11.01-09.11.08:409][  0]LogPackFactory: Copied "../../../Samples/StarterContent/Content/StarterContent/Particles/Materials/M_Burst.uasset" to "../../../../GITHUB Repository/LizzysMod/Content/StarterContent/Particles/Materials/M_Burst.uasset"
[2018.11.01-09.11.08:430][  0]LogPackFactory: Copied "../../../Samples/StarterContent/Content/StarterContent/Particles/Materials/M_Dust_Particle.uasset" to "../../../../GITHUB Repository/LizzysMod/Content/StarterContent/Particles/Materials/M_Dust_Particle.uasset"
[2018.11.01-09.11.08:456][  0]LogPackFactory: Copied "../../../Samples/StarterContent/Content/StarterContent/Particles/Materials/M_explosion_subUV.uasset" to "../../../../GITHUB Repository/LizzysMod/Content/StarterContent/Particles/Materials/M_explosion_subUV.uasset"
[2018.11.01-09.11.08:481][  0]LogPackFactory: Copied "../../../Samples/StarterContent/Content/StarterContent/Particles/Materials/M_Fire_SubUV.uasset" to "../../../../GITHUB Repository/LizzysMod/Content/StarterContent/Particles/Materials/M_Fire_SubUV.uasset"
[2018.11.01-09.11.08:497][  0]LogPackFactory: Copied "../../../Samples/StarterContent/Content/StarterContent/Particles/Materials/m_flare_01.uasset" to "../../../../GITHUB Repository/LizzysMod/Content/StarterContent/Particles/Materials/m_flare_01.uasset"
[2018.11.01-09.11.08:509][  0]LogPackFactory: Copied "../../../Samples/StarterContent/Content/StarterContent/Particles/Materials/M_Heat_Distortion.uasset" to "../../../../GITHUB Repository/LizzysMod/Content/StarterContent/Particles/Materials/M_Heat_Distortion.uasset"
[2018.11.01-09.11.08:521][  0]LogPackFactory: Copied "../../../Samples/StarterContent/Content/StarterContent/Particles/Materials/M_Radial_Gradient.uasset" to "../../../../GITHUB Repository/LizzysMod/Content/StarterContent/Particles/Materials/M_Radial_Gradient.uasset"
[2018.11.01-09.11.08:547][  0]LogPackFactory: Copied "../../../Samples/StarterContent/Content/StarterContent/Particles/Materials/M_radial_ramp.uasset" to "../../../../GITHUB Repository/LizzysMod/Content/StarterContent/Particles/Materials/M_radial_ramp.uasset"
[2018.11.01-09.11.08:576][  0]LogPackFactory: Copied "../../../Samples/StarterContent/Content/StarterContent/Particles/Materials/M_smoke_subUV.uasset" to "../../../../GITHUB Repository/LizzysMod/Content/StarterContent/Particles/Materials/M_smoke_subUV.uasset"
[2018.11.01-09.11.08:587][  0]LogPackFactory: Copied "../../../Samples/StarterContent/Content/StarterContent/Particles/Materials/M_Spark.uasset" to "../../../../GITHUB Repository/LizzysMod/Content/StarterContent/Particles/Materials/M_Spark.uasset"
[2018.11.01-09.11.08:614][  0]LogPackFactory: Copied "../../../Samples/StarterContent/Content/StarterContent/Props/MaterialSphere.uasset" to "../../../../GITHUB Repository/LizzysMod/Content/StarterContent/Props/MaterialSphere.uasset"
[2018.11.01-09.11.08:639][  0]LogPackFactory: Copied "../../../Samples/StarterContent/Content/StarterContent/Props/SM_Bush.uasset" to "../../../../GITHUB Repository/LizzysMod/Content/StarterContent/Props/SM_Bush.uasset"
[2018.11.01-09.11.08:654][  0]LogPackFactory: Copied "../../../Samples/StarterContent/Content/StarterContent/Props/SM_Chair.uasset" to "../../../../GITHUB Repository/LizzysMod/Content/StarterContent/Props/SM_Chair.uasset"
[2018.11.01-09.11.08:702][  0]LogPackFactory: Copied "../../../Samples/StarterContent/Content/StarterContent/Props/SM_CornerFrame.uasset" to "../../../../GITHUB Repository/LizzysMod/Content/StarterContent/Props/SM_CornerFrame.uasset"
[2018.11.01-09.11.08:734][  0]LogPackFactory: Copied "../../../Samples/StarterContent/Content/StarterContent/Props/SM_Couch.uasset" to "../../../../GITHUB Repository/LizzysMod/Content/StarterContent/Props/SM_Couch.uasset"
[2018.11.01-09.11.08:761][  0]LogPackFactory: Copied "../../../Samples/StarterContent/Content/StarterContent/Props/SM_Door.uasset" to "../../../../GITHUB Repository/LizzysMod/Content/StarterContent/Props/SM_Door.uasset"
[2018.11.01-09.11.08:770][  0]LogPackFactory: Copied "../../../Samples/StarterContent/Content/StarterContent/Props/SM_DoorFrame.uasset" to "../../../../GITHUB Repository/LizzysMod/Content/StarterContent/Props/SM_DoorFrame.uasset"
[2018.11.01-09.11.08:826][  0]LogPackFactory: Copied "../../../Samples/StarterContent/Content/StarterContent/Props/SM_GlassWindow.uasset" to "../../../../GITHUB Repository/LizzysMod/Content/StarterContent/Props/SM_GlassWindow.uasset"
[2018.11.01-09.11.08:859][  0]LogPackFactory: Copied "../../../Samples/StarterContent/Content/StarterContent/Props/SM_Lamp_Ceiling.uasset" to "../../../../GITHUB Repository/LizzysMod/Content/StarterContent/Props/SM_Lamp_Ceiling.uasset"
[2018.11.01-09.11.08:861][  0]LogPackFactory: Copied "../../../Samples/StarterContent/Content/StarterContent/Props/SM_Lamp_Wall.uasset" to "../../../../GITHUB Repository/LizzysMod/Content/StarterContent/Props/SM_Lamp_Wall.uasset"
[2018.11.01-09.11.08:982][  0]LogPackFactory: Copied "../../../Samples/StarterContent/Content/StarterContent/Props/SM_MatPreviewMesh_02.uasset" to "../../../../GITHUB Repository/LizzysMod/Content/StarterContent/Props/SM_MatPreviewMesh_02.uasset"
[2018.11.01-09.11.08:996][  0]LogPackFactory: Copied "../../../Samples/StarterContent/Content/StarterContent/Props/SM_PillarFrame.uasset" to "../../../../GITHUB Repository/LizzysMod/Content/StarterContent/Props/SM_PillarFrame.uasset"
[2018.11.01-09.11.09:008][  0]LogPackFactory: Copied "../../../Samples/StarterContent/Content/StarterContent/Props/SM_PillarFrame300.uasset" to "../../../../GITHUB Repository/LizzysMod/Content/StarterContent/Props/SM_PillarFrame300.uasset"
[2018.11.01-09.11.09:026][  0]LogPackFactory: Copied "../../../Samples/StarterContent/Content/StarterContent/Props/SM_Rock.uasset" to "../../../../GITHUB Repository/LizzysMod/Content/StarterContent/Props/SM_Rock.uasset"
[2018.11.01-09.11.09:028][  0]LogPackFactory: Copied "../../../Samples/StarterContent/Content/StarterContent/Props/SM_Shelf.uasset" to "../../../../GITHUB Repository/LizzysMod/Content/StarterContent/Props/SM_Shelf.uasset"
[2018.11.01-09.11.09:040][  0]LogPackFactory: Copied "../../../Samples/StarterContent/Content/StarterContent/Props/SM_Stairs.uasset" to "../../../../GITHUB Repository/LizzysMod/Content/StarterContent/Props/SM_Stairs.uasset"
[2018.11.01-09.11.09:103][  0]LogPackFactory: Copied "../../../Samples/StarterContent/Content/StarterContent/Props/SM_Statue.uasset" to "../../../../GITHUB Repository/LizzysMod/Content/StarterContent/Props/SM_Statue.uasset"
[2018.11.01-09.11.09:177][  0]LogPackFactory: Copied "../../../Samples/StarterContent/Content/StarterContent/Props/SM_TableRound.uasset" to "../../../../GITHUB Repository/LizzysMod/Content/StarterContent/Props/SM_TableRound.uasset"
[2018.11.01-09.11.09:199][  0]LogPackFactory: Copied "../../../Samples/StarterContent/Content/StarterContent/Props/SM_WindowFrame.uasset" to "../../../../GITHUB Repository/LizzysMod/Content/StarterContent/Props/SM_WindowFrame.uasset"
[2018.11.01-09.11.09:224][  0]LogPackFactory: Copied "../../../Samples/StarterContent/Content/StarterContent/Props/Materials/M_Bush.uasset" to "../../../../GITHUB Repository/LizzysMod/Content/StarterContent/Props/Materials/M_Bush.uasset"
[2018.11.01-09.11.09:244][  0]LogPackFactory: Copied "../../../Samples/StarterContent/Content/StarterContent/Props/Materials/M_Chair.uasset" to "../../../../GITHUB Repository/LizzysMod/Content/StarterContent/Props/Materials/M_Chair.uasset"
[2018.11.01-09.11.09:255][  0]LogPackFactory: Copied "../../../Samples/StarterContent/Content/StarterContent/Props/Materials/M_Door.uasset" to "../../../../GITHUB Repository/LizzysMod/Content/StarterContent/Props/Materials/M_Door.uasset"
[2018.11.01-09.11.09:260][  0]LogPackFactory: Copied "../../../Samples/StarterContent/Content/StarterContent/Props/Materials/M_Frame.uasset" to "../../../../GITHUB Repository/LizzysMod/Content/StarterContent/Props/Materials/M_Frame.uasset"
[2018.11.01-09.11.09:323][  0]LogPackFactory: Copied "../../../Samples/StarterContent/Content/StarterContent/Props/Materials/M_Lamp.uasset" to "../../../../GITHUB Repository/LizzysMod/Content/StarterContent/Props/Materials/M_Lamp.uasset"
[2018.11.01-09.11.09:370][  0]LogPackFactory: Copied "../../../Samples/StarterContent/Content/StarterContent/Props/Materials/M_MaterialSphere.uasset" to "../../../../GITHUB Repository/LizzysMod/Content/StarterContent/Props/Materials/M_MaterialSphere.uasset"
[2018.11.01-09.11.09:392][  0]LogPackFactory: Copied "../../../Samples/StarterContent/Content/StarterContent/Props/Materials/M_MaterialSphere_Plain.uasset" to "../../../../GITHUB Repository/LizzysMod/Content/StarterContent/Props/Materials/M_MaterialSphere_Plain.uasset"
[2018.11.01-09.11.09:395][  0]LogPackFactory: Copied "../../../Samples/StarterContent/Content/StarterContent/Props/Materials/M_Rock.uasset" to "../../../../GITHUB Repository/LizzysMod/Content/StarterContent/Props/Materials/M_Rock.uasset"
[2018.11.01-09.11.09:415][  0]LogPackFactory: Copied "../../../Samples/StarterContent/Content/StarterContent/Props/Materials/M_Shelf.uasset" to "../../../../GITHUB Repository/LizzysMod/Content/StarterContent/Props/Materials/M_Shelf.uasset"
[2018.11.01-09.11.09:418][  0]LogPackFactory: Copied "../../../Samples/StarterContent/Content/StarterContent/Props/Materials/M_Statue.uasset" to "../../../../GITHUB Repository/LizzysMod/Content/StarterContent/Props/Materials/M_Statue.uasset"
[2018.11.01-09.11.09:452][  0]LogPackFactory: Copied "../../../Samples/StarterContent/Content/StarterContent/Props/Materials/M_StatueGlass.uasset" to "../../../../GITHUB Repository/LizzysMod/Content/StarterContent/Props/Materials/M_StatueGlass.uasset"
[2018.11.01-09.11.09:461][  0]LogPackFactory: Copied "../../../Samples/StarterContent/Content/StarterContent/Props/Materials/M_TableRound.uasset" to "../../../../GITHUB Repository/LizzysMod/Content/StarterContent/Props/Materials/M_TableRound.uasset"
[2018.11.01-09.11.09:465][  0]LogPackFactory: Copied "../../../Samples/StarterContent/Content/StarterContent/Shapes/Shape_Cone.uasset" to "../../../../GITHUB Repository/LizzysMod/Content/StarterContent/Shapes/Shape_Cone.uasset"
[2018.11.01-09.11.09:481][  0]LogPackFactory: Copied "../../../Samples/StarterContent/Content/StarterContent/Shapes/Shape_Cube.uasset" to "../../../../GITHUB Repository/LizzysMod/Content/StarterContent/Shapes/Shape_Cube.uasset"
[2018.11.01-09.11.09:483][  0]LogPackFactory: Copied "../../../Samples/StarterContent/Content/StarterContent/Shapes/Shape_Cylinder.uasset" to "../../../../GITHUB Repository/LizzysMod/Content/StarterContent/Shapes/Shape_Cylinder.uasset"
[2018.11.01-09.11.09:496][  0]LogPackFactory: Copied "../../../Samples/StarterContent/Content/StarterContent/Shapes/Shape_NarrowCapsule.uasset" to "../../../../GITHUB Repository/LizzysMod/Content/StarterContent/Shapes/Shape_NarrowCapsule.uasset"
[2018.11.01-09.11.09:498][  0]LogPackFactory: Copied "../../../Samples/StarterContent/Content/StarterContent/Shapes/Shape_Pipe.uasset" to "../../../../GITHUB Repository/LizzysMod/Content/StarterContent/Shapes/Shape_Pipe.uasset"
[2018.11.01-09.11.09:534][  0]LogPackFactory: Copied "../../../Samples/StarterContent/Content/StarterContent/Shapes/Shape_Pipe_180.uasset" to "../../../../GITHUB Repository/LizzysMod/Content/StarterContent/Shapes/Shape_Pipe_180.uasset"
[2018.11.01-09.11.09:548][  0]LogPackFactory: Copied "../../../Samples/StarterContent/Content/StarterContent/Shapes/Shape_Pipe_90.uasset" to "../../../../GITHUB Repository/LizzysMod/Content/StarterContent/Shapes/Shape_Pipe_90.uasset"
[2018.11.01-09.11.09:550][  0]LogPackFactory: Copied "../../../Samples/StarterContent/Content/StarterContent/Shapes/Shape_Plane.uasset" to "../../../../GITHUB Repository/LizzysMod/Content/StarterContent/Shapes/Shape_Plane.uasset"
[2018.11.01-09.11.09:552][  0]LogPackFactory: Copied "../../../Samples/StarterContent/Content/StarterContent/Shapes/Shape_QuadPyramid.uasset" to "../../../../GITHUB Repository/LizzysMod/Content/StarterContent/Shapes/Shape_QuadPyramid.uasset"
[2018.11.01-09.11.09:646][  0]LogPackFactory: Copied "../../../Samples/StarterContent/Content/StarterContent/Shapes/Shape_Sphere.uasset" to "../../../../GITHUB Repository/LizzysMod/Content/StarterContent/Shapes/Shape_Sphere.uasset"
[2018.11.01-09.11.09:746][  0]LogPackFactory: Copied "../../../Samples/StarterContent/Content/StarterContent/Shapes/Shape_Torus.uasset" to "../../../../GITHUB Repository/LizzysMod/Content/StarterContent/Shapes/Shape_Torus.uasset"
[2018.11.01-09.11.09:767][  0]LogPackFactory: Copied "../../../Samples/StarterContent/Content/StarterContent/Shapes/Shape_Trim.uasset" to "../../../../GITHUB Repository/LizzysMod/Content/StarterContent/Shapes/Shape_Trim.uasset"
[2018.11.01-09.11.09:773][  0]LogPackFactory: Copied "../../../Samples/StarterContent/Content/StarterContent/Shapes/Shape_Trim_90_In.uasset" to "../../../../GITHUB Repository/LizzysMod/Content/StarterContent/Shapes/Shape_Trim_90_In.uasset"
[2018.11.01-09.11.09:774][  0]LogPackFactory: Copied "../../../Samples/StarterContent/Content/StarterContent/Shapes/Shape_Trim_90_Out.uasset" to "../../../../GITHUB Repository/LizzysMod/Content/StarterContent/Shapes/Shape_Trim_90_Out.uasset"
[2018.11.01-09.11.09:776][  0]LogPackFactory: Copied "../../../Samples/StarterContent/Content/StarterContent/Shapes/Shape_TriPyramid.uasset" to "../../../../GITHUB Repository/LizzysMod/Content/StarterContent/Shapes/Shape_TriPyramid.uasset"
[2018.11.01-09.11.09:805][  0]LogPackFactory: Copied "../../../Samples/StarterContent/Content/StarterContent/Shapes/Shape_Tube.uasset" to "../../../../GITHUB Repository/LizzysMod/Content/StarterContent/Shapes/Shape_Tube.uasset"
[2018.11.01-09.11.09:817][  0]LogPackFactory: Copied "../../../Samples/StarterContent/Content/StarterContent/Shapes/Shape_Wedge_A.uasset" to "../../../../GITHUB Repository/LizzysMod/Content/StarterContent/Shapes/Shape_Wedge_A.uasset"
[2018.11.01-09.11.09:837][  0]LogPackFactory: Copied "../../../Samples/StarterContent/Content/StarterContent/Shapes/Shape_Wedge_B.uasset" to "../../../../GITHUB Repository/LizzysMod/Content/StarterContent/Shapes/Shape_Wedge_B.uasset"
[2018.11.01-09.11.09:861][  0]LogPackFactory: Copied "../../../Samples/StarterContent/Content/StarterContent/Shapes/Shape_WideCapsule.uasset" to "../../../../GITHUB Repository/LizzysMod/Content/StarterContent/Shapes/Shape_WideCapsule.uasset"
[2018.11.01-09.11.10:118][  0]LogPackFactory: Copied "../../../Samples/StarterContent/Content/StarterContent/Textures/T_Brick_Clay_Beveled_D.uasset" to "../../../../GITHUB Repository/LizzysMod/Content/StarterContent/Textures/T_Brick_Clay_Beveled_D.uasset"
[2018.11.01-09.11.10:445][  0]LogPackFactory: Copied "../../../Samples/StarterContent/Content/StarterContent/Textures/T_Brick_Clay_Beveled_M.uasset" to "../../../../GITHUB Repository/LizzysMod/Content/StarterContent/Textures/T_Brick_Clay_Beveled_M.uasset"
[2018.11.01-09.11.10:517][  0]LogPackFactory: Copied "../../../Samples/StarterContent/Content/StarterContent/Textures/T_Brick_Clay_Beveled_N.uasset" to "../../../../GITHUB Repository/LizzysMod/Content/StarterContent/Textures/T_Brick_Clay_Beveled_N.uasset"
[2018.11.01-09.11.10:585][  0]LogPackFactory: Copied "../../../Samples/StarterContent/Content/StarterContent/Textures/T_Brick_Clay_New_D.uasset" to "../../../../GITHUB Repository/LizzysMod/Content/StarterContent/Textures/T_Brick_Clay_New_D.uasset"
[2018.11.01-09.11.10:666][  0]LogPackFactory: Copied "../../../Samples/StarterContent/Content/StarterContent/Textures/T_Brick_Clay_New_M.uasset" to "../../../../GITHUB Repository/LizzysMod/Content/StarterContent/Textures/T_Brick_Clay_New_M.uasset"
[2018.11.01-09.11.10:754][  0]LogPackFactory: Copied "../../../Samples/StarterContent/Content/StarterContent/Textures/T_Brick_Clay_New_N.uasset" to "../../../../GITHUB Repository/LizzysMod/Content/StarterContent/Textures/T_Brick_Clay_New_N.uasset"
[2018.11.01-09.11.10:830][  0]LogPackFactory: Copied "../../../Samples/StarterContent/Content/StarterContent/Textures/T_Brick_Clay_Old_D.uasset" to "../../../../GITHUB Repository/LizzysMod/Content/StarterContent/Textures/T_Brick_Clay_Old_D.uasset"
[2018.11.01-09.11.10:916][  0]LogPackFactory: Copied "../../../Samples/StarterContent/Content/StarterContent/Textures/T_Brick_Clay_Old_N.uasset" to "../../../../GITHUB Repository/LizzysMod/Content/StarterContent/Textures/T_Brick_Clay_Old_N.uasset"
[2018.11.01-09.11.11:113][  0]LogPackFactory: Copied "../../../Samples/StarterContent/Content/StarterContent/Textures/T_Brick_Cut_Stone_D.uasset" to "../../../../GITHUB Repository/LizzysMod/Content/StarterContent/Textures/T_Brick_Cut_Stone_D.uasset"
[2018.11.01-09.11.11:187][  0]LogPackFactory: Copied "../../../Samples/StarterContent/Content/StarterContent/Textures/T_Brick_Cut_Stone_N.uasset" to "../../../../GITHUB Repository/LizzysMod/Content/StarterContent/Textures/T_Brick_Cut_Stone_N.uasset"
[2018.11.01-09.11.11:243][  0]LogPackFactory: Copied "../../../Samples/StarterContent/Content/StarterContent/Textures/T_Brick_Hewn_Stone_D.uasset" to "../../../../GITHUB Repository/LizzysMod/Content/StarterContent/Textures/T_Brick_Hewn_Stone_D.uasset"
[2018.11.01-09.11.11:318][  0]LogPackFactory: Copied "../../../Samples/StarterContent/Content/StarterContent/Textures/T_Brick_Hewn_Stone_M.uasset" to "../../../../GITHUB Repository/LizzysMod/Content/StarterContent/Textures/T_Brick_Hewn_Stone_M.uasset"
[2018.11.01-09.11.11:401][  0]LogPackFactory: Copied "../../../Samples/StarterContent/Content/StarterContent/Textures/T_Brick_Hewn_Stone_N.uasset" to "../../../../GITHUB Repository/LizzysMod/Content/StarterContent/Textures/T_Brick_Hewn_Stone_N.uasset"
[2018.11.01-09.11.11:421][  0]LogPackFactory: Copied "../../../Samples/StarterContent/Content/StarterContent/Textures/T_Burst_M.uasset" to "../../../../GITHUB Repository/LizzysMod/Content/StarterContent/Textures/T_Burst_M.uasset"
[2018.11.01-09.11.11:445][  0]LogPackFactory: Copied "../../../Samples/StarterContent/Content/StarterContent/Textures/T_Bush_D.uasset" to "../../../../GITHUB Repository/LizzysMod/Content/StarterContent/Textures/T_Bush_D.uasset"
[2018.11.01-09.11.11:462][  0]LogPackFactory: Copied "../../../Samples/StarterContent/Content/StarterContent/Textures/T_Bush_N.uasset" to "../../../../GITHUB Repository/LizzysMod/Content/StarterContent/Textures/T_Bush_N.uasset"
[2018.11.01-09.11.11:481][  0]LogPackFactory: Copied "../../../Samples/StarterContent/Content/StarterContent/Textures/T_Ceramic_Tile_M.uasset" to "../../../../GITHUB Repository/LizzysMod/Content/StarterContent/Textures/T_Ceramic_Tile_M.uasset"
[2018.11.01-09.11.11:501][  0]LogPackFactory: Copied "../../../Samples/StarterContent/Content/StarterContent/Textures/T_Ceramic_Tile_N.uasset" to "../../../../GITHUB Repository/LizzysMod/Content/StarterContent/Textures/T_Ceramic_Tile_N.uasset"
[2018.11.01-09.11.11:521][  0]LogPackFactory: Copied "../../../Samples/StarterContent/Content/StarterContent/Textures/T_Chair_M.uasset" to "../../../../GITHUB Repository/LizzysMod/Content/StarterContent/Textures/T_Chair_M.uasset"
[2018.11.01-09.11.11:551][  0]LogPackFactory: Copied "../../../Samples/StarterContent/Content/StarterContent/Textures/T_Chair_N.uasset" to "../../../../GITHUB Repository/LizzysMod/Content/StarterContent/Textures/T_Chair_N.uasset"
[2018.11.01-09.11.11:569][  0]LogPackFactory: Copied "../../../Samples/StarterContent/Content/StarterContent/Textures/T_Checker_Noise_M.uasset" to "../../../../GITHUB Repository/LizzysMod/Content/StarterContent/Textures/T_Checker_Noise_M.uasset"
[2018.11.01-09.11.11:658][  0]LogPackFactory: Copied "../../../Samples/StarterContent/Content/StarterContent/Textures/T_CobbleStone_Pebble_D.uasset" to "../../../../GITHUB Repository/LizzysMod/Content/StarterContent/Textures/T_CobbleStone_Pebble_D.uasset"
[2018.11.01-09.11.11:678][  0]LogPackFactory: Copied "../../../Samples/StarterContent/Content/StarterContent/Textures/T_CobbleStone_Pebble_M.uasset" to "../../../../GITHUB Repository/LizzysMod/Content/StarterContent/Textures/T_CobbleStone_Pebble_M.uasset"
[2018.11.01-09.11.11:788][  0]LogPackFactory: Copied "../../../Samples/StarterContent/Content/StarterContent/Textures/T_CobbleStone_Pebble_N.uasset" to "../../../../GITHUB Repository/LizzysMod/Content/StarterContent/Textures/T_CobbleStone_Pebble_N.uasset"
[2018.11.01-09.11.11:819][  0]LogPackFactory: Copied "../../../Samples/StarterContent/Content/StarterContent/Textures/T_CobbleStone_Rough_D.uasset" to "../../../../GITHUB Repository/LizzysMod/Content/StarterContent/Textures/T_CobbleStone_Rough_D.uasset"
[2018.11.01-09.11.11:873][  0]LogPackFactory: Copied "../../../Samples/StarterContent/Content/StarterContent/Textures/T_CobbleStone_Rough_N.uasset" to "../../../../GITHUB Repository/LizzysMod/Content/StarterContent/Textures/T_CobbleStone_Rough_N.uasset"
[2018.11.01-09.11.11:922][  0]LogPackFactory: Copied "../../../Samples/StarterContent/Content/StarterContent/Textures/T_CobbleStone_Smooth_D.uasset" to "../../../../GITHUB Repository/LizzysMod/Content/StarterContent/Textures/T_CobbleStone_Smooth_D.uasset"
[2018.11.01-09.11.11:975][  0]LogPackFactory: Copied "../../../Samples/StarterContent/Content/StarterContent/Textures/T_CobbleStone_Smooth_M.uasset" to "../../../../GITHUB Repository/LizzysMod/Content/StarterContent/Textures/T_CobbleStone_Smooth_M.uasset"
[2018.11.01-09.11.12:037][  0]LogPackFactory: Copied "../../../Samples/StarterContent/Content/StarterContent/Textures/T_CobbleStone_Smooth_N.uasset" to "../../../../GITHUB Repository/LizzysMod/Content/StarterContent/Textures/T_CobbleStone_Smooth_N.uasset"
[2018.11.01-09.11.12:157][  0]LogPackFactory: Copied "../../../Samples/StarterContent/Content/StarterContent/Textures/T_Concrete_Grime_D.uasset" to "../../../../GITHUB Repository/LizzysMod/Content/StarterContent/Textures/T_Concrete_Grime_D.uasset"
[2018.11.01-09.11.12:227][  0]LogPackFactory: Copied "../../../Samples/StarterContent/Content/StarterContent/Textures/T_Concrete_Panels_D.uasset" to "../../../../GITHUB Repository/LizzysMod/Content/StarterContent/Textures/T_Concrete_Panels_D.uasset"
[2018.11.01-09.11.13:268][  0]LogPackFactory: Copied "../../../Samples/StarterContent/Content/StarterContent/Textures/T_Concrete_Panels_N.uasset" to "../../../../GITHUB Repository/LizzysMod/Content/StarterContent/Textures/T_Concrete_Panels_N.uasset"
[2018.11.01-09.11.16:329][  0]LogPackFactory: Copied "../../../Samples/StarterContent/Content/StarterContent/Textures/T_Concrete_Poured_D.uasset" to "../../../../GITHUB Repository/LizzysMod/Content/StarterContent/Textures/T_Concrete_Poured_D.uasset"
[2018.11.01-09.11.16:439][  0]LogPackFactory: Copied "../../../Samples/StarterContent/Content/StarterContent/Textures/T_Concrete_Poured_N.uasset" to "../../../../GITHUB Repository/LizzysMod/Content/StarterContent/Textures/T_Concrete_Poured_N.uasset"
[2018.11.01-09.11.16:478][  0]LogPackFactory: Copied "../../../Samples/StarterContent/Content/StarterContent/Textures/T_Concrete_Tiles_D.uasset" to "../../../../GITHUB Repository/LizzysMod/Content/StarterContent/Textures/T_Concrete_Tiles_D.uasset"
[2018.11.01-09.11.16:550][  0]LogPackFactory: Copied "../../../Samples/StarterContent/Content/StarterContent/Textures/T_Concrete_Tiles_M.uasset" to "../../../../GITHUB Repository/LizzysMod/Content/StarterContent/Textures/T_Concrete_Tiles_M.uasset"
[2018.11.01-09.11.16:595][  0]LogPackFactory: Copied "../../../Samples/StarterContent/Content/StarterContent/Textures/T_Concrete_Tiles_N.uasset" to "../../../../GITHUB Repository/LizzysMod/Content/StarterContent/Textures/T_Concrete_Tiles_N.uasset"
[2018.11.01-09.11.16:605][  0]LogPackFactory: Copied "../../../Samples/StarterContent/Content/StarterContent/Textures/T_Concrete_Tiles_Variation_M.uasset" to "../../../../GITHUB Repository/LizzysMod/Content/StarterContent/Textures/T_Concrete_Tiles_Variation_M.uasset"
[2018.11.01-09.11.16:646][  0]LogPackFactory: Copied "../../../Samples/StarterContent/Content/StarterContent/Textures/T_Detail_Rocky_N.uasset" to "../../../../GITHUB Repository/LizzysMod/Content/StarterContent/Textures/T_Detail_Rocky_N.uasset"
[2018.11.01-09.11.16:667][  0]LogPackFactory: Copied "../../../Samples/StarterContent/Content/StarterContent/Textures/T_Door_M.uasset" to "../../../../GITHUB Repository/LizzysMod/Content/StarterContent/Textures/T_Door_M.uasset"
[2018.11.01-09.11.16:688][  0]LogPackFactory: Copied "../../../Samples/StarterContent/Content/StarterContent/Textures/T_Door_N.uasset" to "../../../../GITHUB Repository/LizzysMod/Content/StarterContent/Textures/T_Door_N.uasset"
[2018.11.01-09.11.16:710][  0]LogPackFactory: Copied "../../../Samples/StarterContent/Content/StarterContent/Textures/T_Dust_Particle_D.uasset" to "../../../../GITHUB Repository/LizzysMod/Content/StarterContent/Textures/T_Dust_Particle_D.uasset"
[2018.11.01-09.11.16:742][  0]LogPackFactory: Copied "../../../Samples/StarterContent/Content/StarterContent/Textures/T_Explosion_SubUV.uasset" to "../../../../GITHUB Repository/LizzysMod/Content/StarterContent/Textures/T_Explosion_SubUV.uasset"
[2018.11.01-09.11.16:773][  0]LogPackFactory: Copied "../../../Samples/StarterContent/Content/StarterContent/Textures/T_Fire_SubUV.uasset" to "../../../../GITHUB Repository/LizzysMod/Content/StarterContent/Textures/T_Fire_SubUV.uasset"
[2018.11.01-09.11.16:795][  0]LogPackFactory: Copied "../../../Samples/StarterContent/Content/StarterContent/Textures/T_Fire_Tiled_D.uasset" to "../../../../GITHUB Repository/LizzysMod/Content/StarterContent/Textures/T_Fire_Tiled_D.uasset"
[2018.11.01-09.11.16:821][  0]LogPackFactory: Copied "../../../Samples/StarterContent/Content/StarterContent/Textures/T_Frame_M.uasset" to "../../../../GITHUB Repository/LizzysMod/Content/StarterContent/Textures/T_Frame_M.uasset"
[2018.11.01-09.11.16:851][  0]LogPackFactory: Copied "../../../Samples/StarterContent/Content/StarterContent/Textures/T_Frame_N.uasset" to "../../../../GITHUB Repository/LizzysMod/Content/StarterContent/Textures/T_Frame_N.uasset"
[2018.11.01-09.11.16:861][  0]LogPackFactory: Copied "../../../Samples/StarterContent/Content/StarterContent/Textures/T_Gradinet_01.uasset" to "../../../../GITHUB Repository/LizzysMod/Content/StarterContent/Textures/T_Gradinet_01.uasset"
[2018.11.01-09.11.16:955][  0]LogPackFactory: Copied "../../../Samples/StarterContent/Content/StarterContent/Textures/T_Ground_Grass_D.uasset" to "../../../../GITHUB Repository/LizzysMod/Content/StarterContent/Textures/T_Ground_Grass_D.uasset"
[2018.11.01-09.11.17:045][  0]LogPackFactory: Copied "../../../Samples/StarterContent/Content/StarterContent/Textures/T_Ground_Grass_N.uasset" to "../../../../GITHUB Repository/LizzysMod/Content/StarterContent/Textures/T_Ground_Grass_N.uasset"
[2018.11.01-09.11.17:177][  0]LogPackFactory: Copied "../../../Samples/StarterContent/Content/StarterContent/Textures/T_Ground_Gravel_D.uasset" to "../../../../GITHUB Repository/LizzysMod/Content/StarterContent/Textures/T_Ground_Gravel_D.uasset"
[2018.11.01-09.11.17:262][  0]LogPackFactory: Copied "../../../Samples/StarterContent/Content/StarterContent/Textures/T_Ground_Gravel_N.uasset" to "../../../../GITHUB Repository/LizzysMod/Content/StarterContent/Textures/T_Ground_Gravel_N.uasset"
[2018.11.01-09.11.17:353][  0]LogPackFactory: Copied "../../../Samples/StarterContent/Content/StarterContent/Textures/T_ground_Moss_D.uasset" to "../../../../GITHUB Repository/LizzysMod/Content/StarterContent/Textures/T_ground_Moss_D.uasset"
[2018.11.01-09.11.17:623][  0]LogPackFactory: Copied "../../../Samples/StarterContent/Content/StarterContent/Textures/T_Ground_Moss_N.uasset" to "../../../../GITHUB Repository/LizzysMod/Content/StarterContent/Textures/T_Ground_Moss_N.uasset"
[2018.11.01-09.11.17:720][  0]LogPackFactory: Copied "../../../Samples/StarterContent/Content/StarterContent/Textures/T_Lamp_M.uasset" to "../../../../GITHUB Repository/LizzysMod/Content/StarterContent/Textures/T_Lamp_M.uasset"
[2018.11.01-09.11.17:815][  0]LogPackFactory: Copied "../../../Samples/StarterContent/Content/StarterContent/Textures/T_Lamp_N.uasset" to "../../../../GITHUB Repository/LizzysMod/Content/StarterContent/Textures/T_Lamp_N.uasset"
[2018.11.01-09.11.17:899][  0]LogPackFactory: Copied "../../../Samples/StarterContent/Content/StarterContent/Textures/T_MacroVariation.uasset" to "../../../../GITHUB Repository/LizzysMod/Content/StarterContent/Textures/T_MacroVariation.uasset"
[2018.11.01-09.11.17:967][  0]LogPackFactory: Copied "../../../Samples/StarterContent/Content/StarterContent/Textures/T_Metal_Aluminum_D.uasset" to "../../../../GITHUB Repository/LizzysMod/Content/StarterContent/Textures/T_Metal_Aluminum_D.uasset"
[2018.11.01-09.11.18:023][  0]LogPackFactory: Copied "../../../Samples/StarterContent/Content/StarterContent/Textures/T_Metal_Copper_D.uasset" to "../../../../GITHUB Repository/LizzysMod/Content/StarterContent/Textures/T_Metal_Copper_D.uasset"
[2018.11.01-09.11.18:143][  0]LogPackFactory: Copied "../../../Samples/StarterContent/Content/StarterContent/Textures/T_Metal_Gold_D.uasset" to "../../../../GITHUB Repository/LizzysMod/Content/StarterContent/Textures/T_Metal_Gold_D.uasset"
[2018.11.01-09.11.18:171][  0]LogPackFactory: Copied "../../../Samples/StarterContent/Content/StarterContent/Textures/T_Metal_Gold_N.uasset" to "../../../../GITHUB Repository/LizzysMod/Content/StarterContent/Textures/T_Metal_Gold_N.uasset"
[2018.11.01-09.11.18:275][  0]LogPackFactory: Copied "../../../Samples/StarterContent/Content/StarterContent/Textures/T_Metal_Rust_D.uasset" to "../../../../GITHUB Repository/LizzysMod/Content/StarterContent/Textures/T_Metal_Rust_D.uasset"
[2018.11.01-09.11.18:336][  0]LogPackFactory: Copied "../../../Samples/StarterContent/Content/StarterContent/Textures/T_Metal_Rust_N.uasset" to "../../../../GITHUB Repository/LizzysMod/Content/StarterContent/Textures/T_Metal_Rust_N.uasset"
[2018.11.01-09.11.18:370][  0]LogPackFactory: Copied "../../../Samples/StarterContent/Content/StarterContent/Textures/T_Metal_Steel_D.uasset" to "../../../../GITHUB Repository/LizzysMod/Content/StarterContent/Textures/T_Metal_Steel_D.uasset"
[2018.11.01-09.11.18:413][  0]LogPackFactory: Copied "../../../Samples/StarterContent/Content/StarterContent/Textures/T_Metal_Steel_N.uasset" to "../../../../GITHUB Repository/LizzysMod/Content/StarterContent/Textures/T_Metal_Steel_N.uasset"
[2018.11.01-09.11.18:478][  0]LogPackFactory: Copied "../../../Samples/StarterContent/Content/StarterContent/Textures/T_Perlin_Noise_M.uasset" to "../../../../GITHUB Repository/LizzysMod/Content/StarterContent/Textures/T_Perlin_Noise_M.uasset"
[2018.11.01-09.11.18:523][  0]LogPackFactory: Copied "../../../Samples/StarterContent/Content/StarterContent/Textures/T_RockMesh_M.uasset" to "../../../../GITHUB Repository/LizzysMod/Content/StarterContent/Textures/T_RockMesh_M.uasset"
[2018.11.01-09.11.18:574][  0]LogPackFactory: Copied "../../../Samples/StarterContent/Content/StarterContent/Textures/T_RockMesh_N.uasset" to "../../../../GITHUB Repository/LizzysMod/Content/StarterContent/Textures/T_RockMesh_N.uasset"
[2018.11.01-09.11.18:648][  0]LogPackFactory: Copied "../../../Samples/StarterContent/Content/StarterContent/Textures/T_Rock_Basalt_D.uasset" to "../../../../GITHUB Repository/LizzysMod/Content/StarterContent/Textures/T_Rock_Basalt_D.uasset"
[2018.11.01-09.11.18:740][  0]LogPackFactory: Copied "../../../Samples/StarterContent/Content/StarterContent/Textures/T_Rock_Basalt_N.uasset" to "../../../../GITHUB Repository/LizzysMod/Content/StarterContent/Textures/T_Rock_Basalt_N.uasset"
[2018.11.01-09.11.18:935][  0]LogPackFactory: Copied "../../../Samples/StarterContent/Content/StarterContent/Textures/T_Rock_Marble_Polished_D.uasset" to "../../../../GITHUB Repository/LizzysMod/Content/StarterContent/Textures/T_Rock_Marble_Polished_D.uasset"
[2018.11.01-09.11.20:341][  0]LogPackFactory: Copied "../../../Samples/StarterContent/Content/StarterContent/Textures/T_Rock_Sandstone_D.uasset" to "../../../../GITHUB Repository/LizzysMod/Content/StarterContent/Textures/T_Rock_Sandstone_D.uasset"
[2018.11.01-09.11.22:203][  0]LogPackFactory: Copied "../../../Samples/StarterContent/Content/StarterContent/Textures/T_Rock_Sandstone_N.uasset" to "../../../../GITHUB Repository/LizzysMod/Content/StarterContent/Textures/T_Rock_Sandstone_N.uasset"
[2018.11.01-09.11.22:308][  0]LogPackFactory: Copied "../../../Samples/StarterContent/Content/StarterContent/Textures/T_Rock_Slate_D.uasset" to "../../../../GITHUB Repository/LizzysMod/Content/StarterContent/Textures/T_Rock_Slate_D.uasset"
[2018.11.01-09.11.22:385][  0]LogPackFactory: Copied "../../../Samples/StarterContent/Content/StarterContent/Textures/T_Rock_Slate_N.uasset" to "../../../../GITHUB Repository/LizzysMod/Content/StarterContent/Textures/T_Rock_Slate_N.uasset"
[2018.11.01-09.11.22:449][  0]LogPackFactory: Copied "../../../Samples/StarterContent/Content/StarterContent/Textures/T_Rock_Smooth_Granite_D.uasset" to "../../../../GITHUB Repository/LizzysMod/Content/StarterContent/Textures/T_Rock_Smooth_Granite_D.uasset"
[2018.11.01-09.11.22:471][  0]LogPackFactory: Copied "../../../Samples/StarterContent/Content/StarterContent/Textures/T_Shelf_M.uasset" to "../../../../GITHUB Repository/LizzysMod/Content/StarterContent/Textures/T_Shelf_M.uasset"
[2018.11.01-09.11.22:541][  0]LogPackFactory: Copied "../../../Samples/StarterContent/Content/StarterContent/Textures/T_Shelf_N.uasset" to "../../../../GITHUB Repository/LizzysMod/Content/StarterContent/Textures/T_Shelf_N.uasset"
[2018.11.01-09.11.22:558][  0]LogPackFactory: Copied "../../../Samples/StarterContent/Content/StarterContent/Textures/T_Single_Tile_N.uasset" to "../../../../GITHUB Repository/LizzysMod/Content/StarterContent/Textures/T_Single_Tile_N.uasset"
[2018.11.01-09.11.22:615][  0]LogPackFactory: Copied "../../../Samples/StarterContent/Content/StarterContent/Textures/T_Smoke_SubUV.uasset" to "../../../../GITHUB Repository/LizzysMod/Content/StarterContent/Textures/T_Smoke_SubUV.uasset"
[2018.11.01-09.11.22:637][  0]LogPackFactory: Copied "../../../Samples/StarterContent/Content/StarterContent/Textures/T_Smoke_Tiled_D.uasset" to "../../../../GITHUB Repository/LizzysMod/Content/StarterContent/Textures/T_Smoke_Tiled_D.uasset"
[2018.11.01-09.11.22:668][  0]LogPackFactory: Copied "../../../Samples/StarterContent/Content/StarterContent/Textures/T_Spark_Core.uasset" to "../../../../GITHUB Repository/LizzysMod/Content/StarterContent/Textures/T_Spark_Core.uasset"
[2018.11.01-09.11.22:683][  0]LogPackFactory: Copied "../../../Samples/StarterContent/Content/StarterContent/Textures/T_Statue_M.uasset" to "../../../../GITHUB Repository/LizzysMod/Content/StarterContent/Textures/T_Statue_M.uasset"
[2018.11.01-09.11.22:701][  0]LogPackFactory: Copied "../../../Samples/StarterContent/Content/StarterContent/Textures/T_Statue_N.uasset" to "../../../../GITHUB Repository/LizzysMod/Content/StarterContent/Textures/T_Statue_N.uasset"
[2018.11.01-09.11.22:724][  0]LogPackFactory: Copied "../../../Samples/StarterContent/Content/StarterContent/Textures/T_TableRound_M.uasset" to "../../../../GITHUB Repository/LizzysMod/Content/StarterContent/Textures/T_TableRound_M.uasset"
[2018.11.01-09.11.22:748][  0]LogPackFactory: Copied "../../../Samples/StarterContent/Content/StarterContent/Textures/T_TableRound_N.uasset" to "../../../../GITHUB Repository/LizzysMod/Content/StarterContent/Textures/T_TableRound_N.uasset"
[2018.11.01-09.11.22:763][  0]LogPackFactory: Copied "../../../Samples/StarterContent/Content/StarterContent/Textures/T_Tech_Dot_M.uasset" to "../../../../GITHUB Repository/LizzysMod/Content/StarterContent/Textures/T_Tech_Dot_M.uasset"
[2018.11.01-09.11.22:777][  0]LogPackFactory: Copied "../../../Samples/StarterContent/Content/StarterContent/Textures/T_Tech_Dot_N.uasset" to "../../../../GITHUB Repository/LizzysMod/Content/StarterContent/Textures/T_Tech_Dot_N.uasset"
[2018.11.01-09.11.22:802][  0]LogPackFactory: Copied "../../../Samples/StarterContent/Content/StarterContent/Textures/T_Tech_Hex_Tile_M.uasset" to "../../../../GITHUB Repository/LizzysMod/Content/StarterContent/Textures/T_Tech_Hex_Tile_M.uasset"
[2018.11.01-09.11.22:807][  0]LogPackFactory: Copied "../../../Samples/StarterContent/Content/StarterContent/Textures/T_Tech_Hex_Tile_N.uasset" to "../../../../GITHUB Repository/LizzysMod/Content/StarterContent/Textures/T_Tech_Hex_Tile_N.uasset"
[2018.11.01-09.11.22:814][  0]LogPackFactory: Copied "../../../Samples/StarterContent/Content/StarterContent/Textures/T_Tech_Panel_M.uasset" to "../../../../GITHUB Repository/LizzysMod/Content/StarterContent/Textures/T_Tech_Panel_M.uasset"
[2018.11.01-09.11.22:826][  0]LogPackFactory: Copied "../../../Samples/StarterContent/Content/StarterContent/Textures/T_Tech_Panel_N.uasset" to "../../../../GITHUB Repository/LizzysMod/Content/StarterContent/Textures/T_Tech_Panel_N.uasset"
[2018.11.01-09.11.22:837][  0]LogPackFactory: Copied "../../../Samples/StarterContent/Content/StarterContent/Textures/T_Water_M.uasset" to "../../../../GITHUB Repository/LizzysMod/Content/StarterContent/Textures/T_Water_M.uasset"
[2018.11.01-09.11.22:852][  0]LogPackFactory: Copied "../../../Samples/StarterContent/Content/StarterContent/Textures/T_Water_N.uasset" to "../../../../GITHUB Repository/LizzysMod/Content/StarterContent/Textures/T_Water_N.uasset"
[2018.11.01-09.11.22:885][  0]LogPackFactory: Copied "../../../Samples/StarterContent/Content/StarterContent/Textures/T_Wood_Floor_Walnut_D.uasset" to "../../../../GITHUB Repository/LizzysMod/Content/StarterContent/Textures/T_Wood_Floor_Walnut_D.uasset"
[2018.11.01-09.11.22:919][  0]LogPackFactory: Copied "../../../Samples/StarterContent/Content/StarterContent/Textures/T_Wood_Floor_Walnut_M.uasset" to "../../../../GITHUB Repository/LizzysMod/Content/StarterContent/Textures/T_Wood_Floor_Walnut_M.uasset"
[2018.11.01-09.11.22:947][  0]LogPackFactory: Copied "../../../Samples/StarterContent/Content/StarterContent/Textures/T_Wood_Floor_Walnut_N.uasset" to "../../../../GITHUB Repository/LizzysMod/Content/StarterContent/Textures/T_Wood_Floor_Walnut_N.uasset"
[2018.11.01-09.11.22:999][  0]LogPackFactory: Copied "../../../Samples/StarterContent/Content/StarterContent/Textures/T_Wood_Oak_D.uasset" to "../../../../GITHUB Repository/LizzysMod/Content/StarterContent/Textures/T_Wood_Oak_D.uasset"
[2018.11.01-09.11.23:045][  0]LogPackFactory: Copied "../../../Samples/StarterContent/Content/StarterContent/Textures/T_Wood_Oak_N.uasset" to "../../../../GITHUB Repository/LizzysMod/Content/StarterContent/Textures/T_Wood_Oak_N.uasset"
[2018.11.01-09.11.23:143][  0]LogPackFactory: Copied "../../../Samples/StarterContent/Content/StarterContent/Textures/T_Wood_Pine_D.uasset" to "../../../../GITHUB Repository/LizzysMod/Content/StarterContent/Textures/T_Wood_Pine_D.uasset"
[2018.11.01-09.11.23:216][  0]LogPackFactory: Copied "../../../Samples/StarterContent/Content/StarterContent/Textures/T_Wood_Pine_N.uasset" to "../../../../GITHUB Repository/LizzysMod/Content/StarterContent/Textures/T_Wood_Pine_N.uasset"
[2018.11.01-09.11.23:276][  0]LogPackFactory: Copied "../../../Samples/StarterContent/Content/StarterContent/Textures/T_Wood_Walnut_D.uasset" to "../../../../GITHUB Repository/LizzysMod/Content/StarterContent/Textures/T_Wood_Walnut_D.uasset"
[2018.11.01-09.11.23:331][  0]LogPackFactory: Copied "../../../Samples/StarterContent/Content/StarterContent/Textures/T_Wood_Walnut_N.uasset" to "../../../../GITHUB Repository/LizzysMod/Content/StarterContent/Textures/T_Wood_Walnut_N.uasset"
[2018.11.01-09.11.23:786][  0]LogStaticMesh: Building static mesh Floor_400x400...
[2018.11.01-09.11.23:885][  0]LogStaticMesh: Built static mesh [0.12s] /Game/StarterContent/Architecture/Floor_400x400.Floor_400x400
[2018.11.01-09.11.24:340][  0]LogRenderer: Reallocating scene render targets to support 256x256 Format 10 NumSamples 1 (Frame:1).
[2018.11.01-09.11.24:642][  0]Cmd: OBJ SAVEPACKAGE PACKAGE="/Game/StarterContent/Architecture/Floor_400x400" FILE="../../../../GITHUB Repository/LizzysMod/Content/StarterContent/Architecture/Floor_400x400.uasset" SILENT=true
[2018.11.01-09.11.25:002][  0]LogSavePackage: Moving '../../../../GITHUB Repository/LizzysMod/Saved/Floor_400x4005B3D175B4447623D5D924AA54A7241A9.tmp' to '../../../../GITHUB Repository/LizzysMod/Content/StarterContent/Architecture/Floor_400x400.uasset'
[2018.11.01-09.11.25:025][  0]LogFeaturePack: Warning: Inserted 1 feature packs
[2018.11.01-09.11.25:027][  0]Cmd: MAP LOAD FILE="../../../../GITHUB Repository/LizzysMod/Content/FirstPersonBP/Maps/FirstPersonExampleMap.umap" TEMPLATE=0 SHOWPROGRESS=1 FEATURELEVEL=3
[2018.11.01-09.11.25:028][  0]LightingResults: New page: Lighting Build
[2018.11.01-09.11.25:047][  0]MapCheck: New page: Map Check
[2018.11.01-09.11.25:047][  0]LightingResults: New page: Lighting Build
[2018.11.01-09.11.26:657][  0]LogTexture: Display: Building textures: HQ_Lightmap0_2 (AutoDXT, 2048X2048)
[2018.11.01-09.11.26:657][  0]LogTexture: Display: Building textures: HQ_Lightmap0_1 (AutoDXT, 2048X2048)
[2018.11.01-09.11.30:679][  0]LogTexture: Display: Building textures: HQ_Lightmap0_3 (AutoDXT, 2048X2048)
[2018.11.01-09.11.30:680][  0]LogTexture: Display: Building textures: HQ_Lightmap0_4 (AutoDXT, 2048X2048)
[2018.11.01-09.11.30:680][  0]LogTexture: Display: Building textures: HQ_Lightmap0_5 (AutoDXT, 64X64)
[2018.11.01-09.11.30:680][  0]LogTexture: Display: Building textures: LQ_Lightmap_0_1 (DXT1, 2048X2048)
[2018.11.01-09.11.30:680][  0]LogTexture: Display: Building textures: LQ_Lightmap_0_2 (DXT1, 2048X2048)
[2018.11.01-09.11.30:680][  0]LogTexture: Display: Building textures: LQ_Lightmap_0_3 (DXT1, 2048X2048)
[2018.11.01-09.11.30:680][  0]LogTexture: Display: Building textures: LQ_Lightmap_0_4 (DXT1, 2048X2048)
[2018.11.01-09.11.30:680][  0]LogTexture: Display: Building textures: LQ_Lightmap_0_5 (DXT1, 64X64)
[2018.11.01-09.11.30:680][  0]LogTexture: Display: Building textures: SkyOcclusion0_1 (AutoDXT, 2048X1024)
[2018.11.01-09.11.32:145][  0]LogTexture: Display: Building textures: SkyOcclusion0_2 (AutoDXT, 2048X1024)
[2018.11.01-09.11.32:145][  0]LogTexture: Display: Building textures: SkyOcclusion0_3 (AutoDXT, 2048X1024)
[2018.11.01-09.11.32:145][  0]LogTexture: Display: Building textures: SkyOcclusion0_4 (AutoDXT, 2048X1024)
[2018.11.01-09.11.32:145][  0]LogTexture: Display: Building textures: SkyOcclusion0_5 (AutoDXT, 64X32)
[2018.11.01-09.11.32:145][  0]LogTexture: Display: Building textures: ShadowMapTexture2D_0 (G8, 2048X1024)
[2018.11.01-09.11.32:145][  0]LogTexture: Display: Building textures: ShadowMapTexture2D_1 (G8, 2048X1024)
[2018.11.01-09.11.32:145][  0]LogTexture: Display: Building textures: ShadowMapTexture2D_2 (G8, 2048X1024)
[2018.11.01-09.11.32:145][  0]LogTexture: Display: Building textures: ShadowMapTexture2D_3 (G8, 2048X1024)
[2018.11.01-09.11.32:589][  0]LogTexture: Display: Building textures: ShadowMapTexture2D_4 (G8, 2048X1024)
[2018.11.01-09.11.32:589][  0]LogTexture: Display: Building textures: ShadowMapTexture2D_5 (G8, 2048X1024)
[2018.11.01-09.11.32:589][  0]LogTexture: Display: Building textures: ShadowMapTexture2D_6 (G8, 2048X1024)
[2018.11.01-09.11.32:589][  0]LogTexture: Display: Building textures: ShadowMapTexture2D_7 (G8, 64X32)
[2018.11.01-09.11.32:589][  0]LogAIModule: Creating AISystem for world FirstPersonExampleMap
[2018.11.01-09.11.33:276][  0]LogEditorServer: Finished looking for orphan Actors (0.000 secs)
[2018.11.01-09.11.33:300][  0]Cmd: MAP CHECKDEP NOCLEARLOG
[2018.11.01-09.11.33:418][  0]MapCheck: Map check complete: 0 Error(s), 0 Warning(s), took 117.399ms to complete.
[2018.11.01-09.11.33:418][  0]LogFileHelpers: Loading map 'FirstPersonExampleMap' took 8.392
[2018.11.01-09.11.34:301][  0]LogSlate: Updating window title bar state: overlay mode, drag disabled, window buttons hidden, title bar hidden
[2018.11.01-09.11.34:329][  0]LogSlate: Updating window title bar state: overlay mode, drag disabled, window buttons hidden, title bar hidden
[2018.11.01-09.11.34:336][  0]LogSlate: Updating window title bar state: overlay mode, drag disabled, window buttons hidden, title bar hidden
[2018.11.01-09.11.34:349][  0]LogSlate: Updating window title bar state: overlay mode, drag disabled, window buttons hidden, title bar hidden
[2018.11.01-09.11.34:561][  0]LogCollectionManager: Loaded 0 collections in 0.001291 seconds
[2018.11.01-09.11.34:713][  0]LogFileCache: Scanning file cache for directory 'D:/GITHUB Repository/LizzysMod/Saved/Collections/' took 0.01s
[2018.11.01-09.11.34:713][  0]LogFileCache: Scanning file cache for directory 'D:/GITHUB Repository/LizzysMod/Content/Developers/leath/Collections/' took 0.01s
[2018.11.01-09.11.34:713][  0]LogFileCache: Scanning file cache for directory 'D:/GITHUB Repository/LizzysMod/Content/Collections/' took 0.01s
[2018.11.01-09.11.34:713][  0]LogCollectionManager: Rebuilt the GUID cache for 0 collections in 0.000000 seconds
[2018.11.01-09.11.34:726][  0]LogContentBrowser: Native class hierarchy populated in 0.0112 seconds. Added 2572 classes and 603 folders.
[2018.11.01-09.11.34:908][  0]LogContentBrowser: Native class hierarchy updated for 'WidgetCarousel' in 0.0004 seconds. Added 0 classes and 0 folders.
[2018.11.01-09.11.35:598][  0]LogContentBrowser: Native class hierarchy updated for 'AddContentDialog' in 0.0003 seconds. Added 0 classes and 0 folders.
[2018.11.01-09.11.35:678][  0]LogContentBrowser: Native class hierarchy updated for 'SceneOutliner' in 0.0008 seconds. Added 1 classes and 2 folders.
[2018.11.01-09.11.36:292][  0]LogSlate: Took 0.021248 seconds to synchronously load lazily loaded font '../../../Engine/Content/Slate/Fonts/Roboto-Regular.ttf' (155K)
[2018.11.01-09.11.36:309][  0]LogSlate: Took 0.015302 seconds to synchronously load lazily loaded font '../../../Engine/Content/Slate/Fonts/Roboto-Bold.ttf' (160K)
[2018.11.01-09.11.36:373][  0]LogSlate: Took 0.019472 seconds to synchronously load lazily loaded font '../../../Engine/Content/Editor/Slate/Fonts/FontAwesome.ttf' (139K)
[2018.11.01-09.11.36:925][  0]LogRenderer: Reallocating scene render targets to support 1292x372 Format 10 NumSamples 1 (Frame:1).
[2018.11.01-09.11.37:366][  0]LogSlate: Took 0.009330 seconds to synchronously load lazily loaded font '../../../Engine/Content/Slate/Fonts/Roboto-Light.ttf' (167K)
[2018.11.01-09.11.37:607][  0]LogContentBrowser: Native class hierarchy updated for 'HierarchicalLODOutliner' in 0.0004 seconds. Added 0 classes and 0 folders.
[2018.11.01-09.11.37:607][  0]LogLoad: (Engine Initialization) Total time: 67.26 seconds
[2018.11.01-09.11.37:607][  0]LogLoad: (Engine Initialization) Total Blueprint compile time: 0.00 seconds
[2018.11.01-09.11.37:621][  0]LogWindowsTextInputMethodSystem: Display: IME system now deactivated.
[2018.11.01-09.11.37:842][  0]LogContentStreaming: Texture pool size now 1000 MB
[2018.11.01-09.11.37:909][  1]LogAssetRegistry: Asset discovery search completed in 54.7736 seconds
[2018.11.01-09.11.37:911][  1]LogCollectionManager: Rebuilt the object cache for 0 collections in 0.000001 seconds (found 0 objects)
[2018.11.01-09.11.37:911][  1]LogCollectionManager: Fixed up redirectors for 0 collections in 0.000091 seconds (updated 0 objects)
[2018.11.01-09.11.39:442][139]LogSlate: FSceneViewport::OnFocusLost() reason 0
[2018.11.01-09.11.39:630][156]LogRenderer: Reallocating scene render targets to support 1292x380 Format 10 NumSamples 1 (Frame:141).
[2018.11.01-09.11.39:679][157]LogRenderer: Reallocating scene render targets to support 1292x392 Format 10 NumSamples 1 (Frame:143).
[2018.11.01-09.11.39:737][158]LogRenderer: Reallocating scene render targets to support 1292x412 Format 10 NumSamples 1 (Frame:145).
[2018.11.01-09.11.39:799][159]LogRenderer: Reallocating scene render targets to support 1292x428 Format 10 NumSamples 1 (Frame:147).
[2018.11.01-09.11.39:864][160]LogRenderer: Reallocating scene render targets to support 1292x444 Format 10 NumSamples 1 (Frame:149).
[2018.11.01-09.11.39:906][161]LogRenderer: Reallocating scene render targets to support 1292x472 Format 10 NumSamples 1 (Frame:151).
[2018.11.01-09.11.39:962][162]LogRenderer: Reallocating scene render targets to support 1292x492 Format 10 NumSamples 1 (Frame:153).
[2018.11.01-09.11.40:041][163]LogRenderer: Reallocating scene render targets to support 1292x528 Format 10 NumSamples 1 (Frame:155).
[2018.11.01-09.11.40:094][164]LogRenderer: Reallocating scene render targets to support 1292x576 Format 10 NumSamples 1 (Frame:157).
[2018.11.01-09.11.40:152][165]LogRenderer: Reallocating scene render targets to support 1292x620 Format 10 NumSamples 1 (Frame:159).
[2018.11.01-09.11.40:208][166]LogRenderer: Reallocating scene render targets to support 1292x656 Format 10 NumSamples 1 (Frame:161).
[2018.11.01-09.11.40:258][167]LogRenderer: Reallocating scene render targets to support 1292x676 Format 10 NumSamples 1 (Frame:163).
[2018.11.01-09.11.40:316][168]LogRenderer: Reallocating scene render targets to support 1292x696 Format 10 NumSamples 1 (Frame:165).
[2018.11.01-09.11.40:364][169]LogRenderer: Reallocating scene render targets to support 1292x720 Format 10 NumSamples 1 (Frame:167).
[2018.11.01-09.11.40:419][170]LogRenderer: Reallocating scene render targets to support 1292x752 Format 10 NumSamples 1 (Frame:169).
[2018.11.01-09.11.40:462][171]LogRenderer: Reallocating scene render targets to support 1292x772 Format 10 NumSamples 1 (Frame:171).
